==============================================================================
20180214 09:00:30.738 - INFO - + START SUITE: Acceptancetest [ ]
==============================================================================
20180214 09:00:31.605 - INFO - +- START SUITE: Acceptancetest.TicTacToeGUITests [ ]
==============================================================================
20180214 09:00:31.618 - INFO - +-- START TEST: Win Diagonally as X [ ]
------------------------------------------------------------------------------
20180214 09:00:31.623 - INFO - +--- START KW: Start New Game [ ]
20180214 09:00:31.627 - INFO - +---- START KW: SwingLibrary.Start Application [ edu.jsu.mcis.TicTacToe ]
20180214 09:00:32.603 - INFO - +---- END KW: SwingLibrary.Start Application (969)
20180214 09:00:32.606 - INFO - +---- START KW: SwingLibrary.Select Window [ Tic-Tac-Toe ]
20180214 09:00:32.723 - DEBUG - Jemmy: Start to wait frame "Frame with name or title 'Tic-Tac-Toe'" opened
20180214 09:00:32.725 - DEBUG - Jemmy: Frame "Frame with name or title 'Tic-Tac-Toe'" has been opened in 1 milliseconds
    javax.swing.JFrame[frame0,51,23,500x500,layout=java.awt.BorderLayout,title=Tic-Tac-Toe,resizable,normal,defaultCloseOperation=EXIT_ON_CLOSE,rootPane=javax.swing.JRootPane[,0,22,500x478,layout=javax.swing.JRootPane$RootLayout,alignmentX=0.0,alignmentY=0.0,border=,flags=16777673,maximumSize=,minimumSize=,preferredSize=],rootPaneCheckingEnabled=true]
20180214 09:00:32.736 - INFO - +---- END KW: SwingLibrary.Select Window (128)
20180214 09:00:32.738 - INFO - +--- END KW: Start New Game (1114)
~~~~~~~~~~~~~~~~~~~~~~~~~~~~~~~~~~~~~~~~~~~~~~~~~~~~~~~~~~~~~~~~~~~~~~~~~~~~~~
20180214 09:00:32.740 - INFO - +--- START KW: Mark Location [ 1 | 1 ]
20180214 09:00:32.746 - INFO - +---- START KW: BuiltIn.Catenate [ SEPARATOR= | Square | ${row} | ${col} ]
20180214 09:00:32.755 - INFO - ${component} = Square11
20180214 09:00:32.758 - INFO - +---- END KW: BuiltIn.Catenate (12)
20180214 09:00:32.759 - INFO - +---- START KW: SwingLibrary.Click On Component [ ${component} ]
20180214 09:00:32.792 - DEBUG - Jemmy: Waiting for "Square11" subcomponent
20180214 09:00:32.793 - DEBUG - Jemmy: Start to wait action "Wait for "Square11" subcomponent to be displayed"
20180214 09:00:32.795 - DEBUG - Jemmy: "Wait for "Square11" subcomponent to be displayed" action has been produced in 1 milliseconds with result 
    : javax.swing.JButton[Square11,167,120,166x119,alignmentX=0.0,alignmentY=0.5,border=com.apple.laf.AquaButtonBorder$Dynamic@734d8afb,flags=288,maximumSize=,minimumSize=,preferredSize=java.awt.Dimension[width=64,height=64],defaultIcon=,disabledIcon=,disabledSelectedIcon=,margin=javax.swing.plaf.InsetsUIResource[top=0,left=2,bottom=0,right=2],paintBorder=true,paintFocus=true,pressedIcon=,rolloverEnabled=false,rolloverIcon=,rolloverSelectedIcon=,selectedIcon=,text=,defaultCapable=true]
20180214 09:00:32.820 - INFO - +---- END KW: SwingLibrary.Click On Component (58)
20180214 09:00:32.822 - INFO - +--- END KW: Mark Location (82)
~~~~~~~~~~~~~~~~~~~~~~~~~~~~~~~~~~~~~~~~~~~~~~~~~~~~~~~~~~~~~~~~~~~~~~~~~~~~~~
20180214 09:00:32.823 - INFO - +--- START KW: Check Location [ 1 | 1 | X ]
20180214 09:00:32.827 - INFO - +---- START KW: BuiltIn.Catenate [ SEPARATOR= | Square | ${row} | ${col} ]
20180214 09:00:32.833 - INFO - ${component} = Square11
20180214 09:00:32.835 - INFO - +---- END KW: BuiltIn.Catenate (7)
20180214 09:00:32.836 - INFO - +---- START KW: SwingLibrary.Get Button Text [ ${component} ]
20180214 09:00:32.882 - DEBUG - Jemmy: Waiting for "Square11" subcomponent
20180214 09:00:32.882 - DEBUG - Jemmy: Start to wait action "Wait for "Square11" subcomponent to be displayed"
20180214 09:00:32.895 - DEBUG - Jemmy: "Wait for "Square11" subcomponent to be displayed" action has been produced in 13 milliseconds with result 
    : javax.swing.JButton[Square11,167,120,166x119,alignmentX=0.0,alignmentY=0.5,border=com.apple.laf.AquaButtonBorder$Dynamic@734d8afb,flags=288,maximumSize=,minimumSize=,preferredSize=java.awt.Dimension[width=64,height=64],defaultIcon=,disabledIcon=,disabledSelectedIcon=,margin=javax.swing.plaf.InsetsUIResource[top=0,left=2,bottom=0,right=2],paintBorder=true,paintFocus=true,pressedIcon=,rolloverEnabled=false,rolloverIcon=,rolloverSelectedIcon=,selectedIcon=,text=X,defaultCapable=true]
20180214 09:00:32.899 - INFO - ${text} = X
20180214 09:00:32.900 - INFO - +---- END KW: SwingLibrary.Get Button Text (64)
20180214 09:00:32.901 - INFO - +---- START KW: BuiltIn.Should Be Equal [ ${text} | ${mark} ]
20180214 09:00:32.907 - INFO - +---- END KW: BuiltIn.Should Be Equal (4)
20180214 09:00:32.909 - INFO - +--- END KW: Check Location (86)
~~~~~~~~~~~~~~~~~~~~~~~~~~~~~~~~~~~~~~~~~~~~~~~~~~~~~~~~~~~~~~~~~~~~~~~~~~~~~~
20180214 09:00:32.910 - INFO - +--- START KW: Mark Location [ 0 | 1 ]
20180214 09:00:32.913 - INFO - +---- START KW: BuiltIn.Catenate [ SEPARATOR= | Square | ${row} | ${col} ]
20180214 09:00:32.922 - INFO - ${component} = Square01
20180214 09:00:32.929 - INFO - +---- END KW: BuiltIn.Catenate (16)
20180214 09:00:32.931 - INFO - +---- START KW: SwingLibrary.Click On Component [ ${component} ]
20180214 09:00:32.933 - DEBUG - Jemmy: Waiting for "Square01" subcomponent
20180214 09:00:32.933 - DEBUG - Jemmy: Start to wait action "Wait for "Square01" subcomponent to be displayed"
20180214 09:00:32.934 - DEBUG - Jemmy: "Wait for "Square01" subcomponent to be displayed" action has been produced in 1 milliseconds with result 
    : javax.swing.JButton[Square01,167,1,166x119,alignmentX=0.0,alignmentY=0.5,border=com.apple.laf.AquaButtonBorder$Dynamic@734d8afb,flags=288,maximumSize=,minimumSize=,preferredSize=java.awt.Dimension[width=64,height=64],defaultIcon=,disabledIcon=,disabledSelectedIcon=,margin=javax.swing.plaf.InsetsUIResource[top=0,left=2,bottom=0,right=2],paintBorder=true,paintFocus=true,pressedIcon=,rolloverEnabled=false,rolloverIcon=,rolloverSelectedIcon=,selectedIcon=,text=,defaultCapable=true]
20180214 09:00:32.943 - INFO - +---- END KW: SwingLibrary.Click On Component (12)
20180214 09:00:32.945 - INFO - +--- END KW: Mark Location (35)
~~~~~~~~~~~~~~~~~~~~~~~~~~~~~~~~~~~~~~~~~~~~~~~~~~~~~~~~~~~~~~~~~~~~~~~~~~~~~~
20180214 09:00:32.946 - INFO - +--- START KW: Check Location [ 0 | 1 | O ]
20180214 09:00:32.952 - INFO - +---- START KW: BuiltIn.Catenate [ SEPARATOR= | Square | ${row} | ${col} ]
20180214 09:00:32.957 - INFO - ${component} = Square01
20180214 09:00:32.958 - INFO - +---- END KW: BuiltIn.Catenate (6)
20180214 09:00:32.960 - INFO - +---- START KW: SwingLibrary.Get Button Text [ ${component} ]
20180214 09:00:32.963 - DEBUG - Jemmy: Waiting for "Square01" subcomponent
20180214 09:00:32.963 - DEBUG - Jemmy: Start to wait action "Wait for "Square01" subcomponent to be displayed"
20180214 09:00:32.965 - DEBUG - Jemmy: "Wait for "Square01" subcomponent to be displayed" action has been produced in 1 milliseconds with result 
    : javax.swing.JButton[Square01,167,1,166x119,alignmentX=0.0,alignmentY=0.5,border=com.apple.laf.AquaButtonBorder$Dynamic@734d8afb,flags=288,maximumSize=,minimumSize=,preferredSize=java.awt.Dimension[width=64,height=64],defaultIcon=,disabledIcon=,disabledSelectedIcon=,margin=javax.swing.plaf.InsetsUIResource[top=0,left=2,bottom=0,right=2],paintBorder=true,paintFocus=true,pressedIcon=,rolloverEnabled=false,rolloverIcon=,rolloverSelectedIcon=,selectedIcon=,text=O,defaultCapable=true]
20180214 09:00:32.969 - INFO - ${text} = O
20180214 09:00:32.971 - INFO - +---- END KW: SwingLibrary.Get Button Text (10)
20180214 09:00:32.972 - INFO - +---- START KW: BuiltIn.Should Be Equal [ ${text} | ${mark} ]
20180214 09:00:32.977 - INFO - +---- END KW: BuiltIn.Should Be Equal (4)
20180214 09:00:32.980 - INFO - +--- END KW: Check Location (33)
~~~~~~~~~~~~~~~~~~~~~~~~~~~~~~~~~~~~~~~~~~~~~~~~~~~~~~~~~~~~~~~~~~~~~~~~~~~~~~
20180214 09:00:32.981 - INFO - +--- START KW: Mark Location [ 0 | 0 ]
20180214 09:00:32.984 - INFO - +---- START KW: BuiltIn.Catenate [ SEPARATOR= | Square | ${row} | ${col} ]
20180214 09:00:32.987 - INFO - ${component} = Square00
20180214 09:00:32.991 - INFO - +---- END KW: BuiltIn.Catenate (4)
20180214 09:00:32.992 - INFO - +---- START KW: SwingLibrary.Click On Component [ ${component} ]
20180214 09:00:32.994 - DEBUG - Jemmy: Waiting for "Square00" subcomponent
20180214 09:00:32.994 - DEBUG - Jemmy: Start to wait action "Wait for "Square00" subcomponent to be displayed"
20180214 09:00:32.995 - DEBUG - Jemmy: "Wait for "Square00" subcomponent to be displayed" action has been produced in 1 milliseconds with result 
    : javax.swing.JButton[Square00,1,1,166x119,alignmentX=0.0,alignmentY=0.5,border=com.apple.laf.AquaButtonBorder$Dynamic@734d8afb,flags=288,maximumSize=,minimumSize=,preferredSize=java.awt.Dimension[width=64,height=64],defaultIcon=,disabledIcon=,disabledSelectedIcon=,margin=javax.swing.plaf.InsetsUIResource[top=0,left=2,bottom=0,right=2],paintBorder=true,paintFocus=true,pressedIcon=,rolloverEnabled=false,rolloverIcon=,rolloverSelectedIcon=,selectedIcon=,text=,defaultCapable=true]
20180214 09:00:33.005 - INFO - +---- END KW: SwingLibrary.Click On Component (13)
20180214 09:00:33.007 - INFO - +--- END KW: Mark Location (25)
~~~~~~~~~~~~~~~~~~~~~~~~~~~~~~~~~~~~~~~~~~~~~~~~~~~~~~~~~~~~~~~~~~~~~~~~~~~~~~
20180214 09:00:33.008 - INFO - +--- START KW: Check Location [ 0 | 0 | X ]
20180214 09:00:33.012 - INFO - +---- START KW: BuiltIn.Catenate [ SEPARATOR= | Square | ${row} | ${col} ]
20180214 09:00:33.016 - INFO - ${component} = Square00
20180214 09:00:33.019 - INFO - +---- END KW: BuiltIn.Catenate (6)
20180214 09:00:33.020 - INFO - +---- START KW: SwingLibrary.Get Button Text [ ${component} ]
20180214 09:00:33.023 - DEBUG - Jemmy: Waiting for "Square00" subcomponent
20180214 09:00:33.023 - DEBUG - Jemmy: Start to wait action "Wait for "Square00" subcomponent to be displayed"
20180214 09:00:33.024 - DEBUG - Jemmy: "Wait for "Square00" subcomponent to be displayed" action has been produced in 1 milliseconds with result 
    : javax.swing.JButton[Square00,1,1,166x119,alignmentX=0.0,alignmentY=0.5,border=com.apple.laf.AquaButtonBorder$Dynamic@734d8afb,flags=288,maximumSize=,minimumSize=,preferredSize=java.awt.Dimension[width=64,height=64],defaultIcon=,disabledIcon=,disabledSelectedIcon=,margin=javax.swing.plaf.InsetsUIResource[top=0,left=2,bottom=0,right=2],paintBorder=true,paintFocus=true,pressedIcon=,rolloverEnabled=false,rolloverIcon=,rolloverSelectedIcon=,selectedIcon=,text=X,defaultCapable=true]
20180214 09:00:33.027 - INFO - ${text} = X
20180214 09:00:33.027 - INFO - +---- END KW: SwingLibrary.Get Button Text (7)
20180214 09:00:33.028 - INFO - +---- START KW: BuiltIn.Should Be Equal [ ${text} | ${mark} ]
20180214 09:00:33.031 - INFO - +---- END KW: BuiltIn.Should Be Equal (3)
20180214 09:00:33.032 - INFO - +--- END KW: Check Location (24)
~~~~~~~~~~~~~~~~~~~~~~~~~~~~~~~~~~~~~~~~~~~~~~~~~~~~~~~~~~~~~~~~~~~~~~~~~~~~~~
20180214 09:00:33.033 - INFO - +--- START KW: Mark Location [ 0 | 2 ]
20180214 09:00:33.036 - INFO - +---- START KW: BuiltIn.Catenate [ SEPARATOR= | Square | ${row} | ${col} ]
20180214 09:00:33.042 - INFO - ${component} = Square02
20180214 09:00:33.044 - INFO - +---- END KW: BuiltIn.Catenate (7)
20180214 09:00:33.045 - INFO - +---- START KW: SwingLibrary.Click On Component [ ${component} ]
20180214 09:00:33.048 - DEBUG - Jemmy: Waiting for "Square02" subcomponent
20180214 09:00:33.048 - DEBUG - Jemmy: Start to wait action "Wait for "Square02" subcomponent to be displayed"
20180214 09:00:33.049 - DEBUG - Jemmy: "Wait for "Square02" subcomponent to be displayed" action has been produced in 1 milliseconds with result 
    : javax.swing.JButton[Square02,333,1,166x119,alignmentX=0.0,alignmentY=0.5,border=com.apple.laf.AquaButtonBorder$Dynamic@734d8afb,flags=288,maximumSize=,minimumSize=,preferredSize=java.awt.Dimension[width=64,height=64],defaultIcon=,disabledIcon=,disabledSelectedIcon=,margin=javax.swing.plaf.InsetsUIResource[top=0,left=2,bottom=0,right=2],paintBorder=true,paintFocus=true,pressedIcon=,rolloverEnabled=false,rolloverIcon=,rolloverSelectedIcon=,selectedIcon=,text=,defaultCapable=true]
20180214 09:00:33.061 - INFO - +---- END KW: SwingLibrary.Click On Component (15)
20180214 09:00:33.062 - INFO - +--- END KW: Mark Location (29)
~~~~~~~~~~~~~~~~~~~~~~~~~~~~~~~~~~~~~~~~~~~~~~~~~~~~~~~~~~~~~~~~~~~~~~~~~~~~~~
20180214 09:00:33.063 - INFO - +--- START KW: Check Location [ 0 | 2 | O ]
20180214 09:00:33.067 - INFO - +---- START KW: BuiltIn.Catenate [ SEPARATOR= | Square | ${row} | ${col} ]
20180214 09:00:33.071 - INFO - ${component} = Square02
20180214 09:00:33.072 - INFO - +---- END KW: BuiltIn.Catenate (6)
20180214 09:00:33.073 - INFO - +---- START KW: SwingLibrary.Get Button Text [ ${component} ]
20180214 09:00:33.075 - DEBUG - Jemmy: Waiting for "Square02" subcomponent
20180214 09:00:33.075 - DEBUG - Jemmy: Start to wait action "Wait for "Square02" subcomponent to be displayed"
20180214 09:00:33.077 - DEBUG - Jemmy: "Wait for "Square02" subcomponent to be displayed" action has been produced in 2 milliseconds with result 
    : javax.swing.JButton[Square02,333,1,166x119,alignmentX=0.0,alignmentY=0.5,border=com.apple.laf.AquaButtonBorder$Dynamic@734d8afb,flags=288,maximumSize=,minimumSize=,preferredSize=java.awt.Dimension[width=64,height=64],defaultIcon=,disabledIcon=,disabledSelectedIcon=,margin=javax.swing.plaf.InsetsUIResource[top=0,left=2,bottom=0,right=2],paintBorder=true,paintFocus=true,pressedIcon=,rolloverEnabled=false,rolloverIcon=,rolloverSelectedIcon=,selectedIcon=,text=O,defaultCapable=true]
20180214 09:00:33.084 - INFO - ${text} = O
20180214 09:00:33.086 - INFO - +---- END KW: SwingLibrary.Get Button Text (13)
20180214 09:00:33.087 - INFO - +---- START KW: BuiltIn.Should Be Equal [ ${text} | ${mark} ]
20180214 09:00:33.092 - INFO - +---- END KW: BuiltIn.Should Be Equal (4)
20180214 09:00:33.093 - INFO - +--- END KW: Check Location (30)
~~~~~~~~~~~~~~~~~~~~~~~~~~~~~~~~~~~~~~~~~~~~~~~~~~~~~~~~~~~~~~~~~~~~~~~~~~~~~~
20180214 09:00:33.095 - INFO - +--- START KW: Mark Location [ 2 | 2 ]
20180214 09:00:33.098 - INFO - +---- START KW: BuiltIn.Catenate [ SEPARATOR= | Square | ${row} | ${col} ]
20180214 09:00:33.102 - INFO - ${component} = Square22
20180214 09:00:33.104 - INFO - +---- END KW: BuiltIn.Catenate (6)
20180214 09:00:33.105 - INFO - +---- START KW: SwingLibrary.Click On Component [ ${component} ]
20180214 09:00:33.107 - DEBUG - Jemmy: Waiting for "Square22" subcomponent
20180214 09:00:33.107 - DEBUG - Jemmy: Start to wait action "Wait for "Square22" subcomponent to be displayed"
20180214 09:00:33.108 - DEBUG - Jemmy: "Wait for "Square22" subcomponent to be displayed" action has been produced in 1 milliseconds with result 
    : javax.swing.JButton[Square22,333,239,166x119,alignmentX=0.0,alignmentY=0.5,border=com.apple.laf.AquaButtonBorder$Dynamic@734d8afb,flags=288,maximumSize=,minimumSize=,preferredSize=java.awt.Dimension[width=64,height=64],defaultIcon=,disabledIcon=,disabledSelectedIcon=,margin=javax.swing.plaf.InsetsUIResource[top=0,left=2,bottom=0,right=2],paintBorder=true,paintFocus=true,pressedIcon=,rolloverEnabled=false,rolloverIcon=,rolloverSelectedIcon=,selectedIcon=,text=,defaultCapable=true]
20180214 09:00:33.119 - INFO - +---- END KW: SwingLibrary.Click On Component (13)
20180214 09:00:33.121 - INFO - +--- END KW: Mark Location (26)
~~~~~~~~~~~~~~~~~~~~~~~~~~~~~~~~~~~~~~~~~~~~~~~~~~~~~~~~~~~~~~~~~~~~~~~~~~~~~~
20180214 09:00:33.122 - INFO - +--- START KW: Check Location [ 2 | 2 | X ]
20180214 09:00:33.125 - INFO - +---- START KW: BuiltIn.Catenate [ SEPARATOR= | Square | ${row} | ${col} ]
20180214 09:00:33.135 - INFO - ${component} = Square22
20180214 09:00:33.136 - INFO - +---- END KW: BuiltIn.Catenate (11)
20180214 09:00:33.138 - INFO - +---- START KW: SwingLibrary.Get Button Text [ ${component} ]
20180214 09:00:33.140 - DEBUG - Jemmy: Waiting for "Square22" subcomponent
20180214 09:00:33.140 - DEBUG - Jemmy: Start to wait action "Wait for "Square22" subcomponent to be displayed"
20180214 09:00:33.142 - DEBUG - Jemmy: "Wait for "Square22" subcomponent to be displayed" action has been produced in 2 milliseconds with result 
    : javax.swing.JButton[Square22,333,239,166x119,alignmentX=0.0,alignmentY=0.5,border=com.apple.laf.AquaButtonBorder$Dynamic@734d8afb,flags=288,maximumSize=,minimumSize=,preferredSize=java.awt.Dimension[width=64,height=64],defaultIcon=,disabledIcon=,disabledSelectedIcon=,margin=javax.swing.plaf.InsetsUIResource[top=0,left=2,bottom=0,right=2],paintBorder=true,paintFocus=true,pressedIcon=,rolloverEnabled=false,rolloverIcon=,rolloverSelectedIcon=,selectedIcon=,text=X,defaultCapable=true]
20180214 09:00:33.145 - INFO - ${text} = X
20180214 09:00:33.146 - INFO - +---- END KW: SwingLibrary.Get Button Text (8)
20180214 09:00:33.146 - INFO - +---- START KW: BuiltIn.Should Be Equal [ ${text} | ${mark} ]
20180214 09:00:33.149 - INFO - +---- END KW: BuiltIn.Should Be Equal (3)
20180214 09:00:33.150 - INFO - +--- END KW: Check Location (28)
~~~~~~~~~~~~~~~~~~~~~~~~~~~~~~~~~~~~~~~~~~~~~~~~~~~~~~~~~~~~~~~~~~~~~~~~~~~~~~
20180214 09:00:33.153 - INFO - +--- START KW: Winner Should Be [ X ]
20180214 09:00:33.155 - INFO - +---- START KW: SwingLibrary.Get Label Content [ ResultLabel ]
20180214 09:00:33.167 - DEBUG - Jemmy: Waiting for "ResultLabel" subcomponent
20180214 09:00:33.167 - DEBUG - Jemmy: Start to wait action "Wait for "ResultLabel" subcomponent to be displayed"
20180214 09:00:33.168 - DEBUG - Jemmy: "Wait for "ResultLabel" subcomponent to be displayed" action has been produced in 0 milliseconds with result 
    : javax.swing.JLabel[ResultLabel,1,358,166x119,alignmentX=0.0,alignmentY=0.0,border=,flags=8388608,maximumSize=,minimumSize=,preferredSize=,defaultIcon=,disabledIcon=,horizontalAlignment=LEADING,horizontalTextPosition=TRAILING,iconTextGap=4,labelFor=,text=X,verticalAlignment=CENTER,verticalTextPosition=CENTER]
20180214 09:00:33.171 - INFO - ${text} = X
20180214 09:00:33.172 - INFO - +---- END KW: SwingLibrary.Get Label Content (17)
20180214 09:00:33.173 - INFO - +---- START KW: BuiltIn.Should Be Equal [ ${text} | ${winner} ]
20180214 09:00:33.177 - INFO - +---- END KW: BuiltIn.Should Be Equal (4)
20180214 09:00:33.178 - INFO - +---- START KW: SwingLibrary.Close Window [ Tic-Tac-Toe ]
20180214 09:00:33.181 - DEBUG - Jemmy: Start to wait frame "Frame with name or title 'Tic-Tac-Toe'" opened
20180214 09:00:33.181 - DEBUG - Jemmy: Frame "Frame with name or title 'Tic-Tac-Toe'" has been opened in 0 milliseconds
    javax.swing.JFrame[frame0,51,23,500x500,invalid,layout=java.awt.BorderLayout,title=Tic-Tac-Toe,resizable,normal,defaultCloseOperation=EXIT_ON_CLOSE,rootPane=javax.swing.JRootPane[,0,22,500x478,layout=javax.swing.JRootPane$RootLayout,alignmentX=0.0,alignmentY=0.0,border=,flags=16777673,maximumSize=,minimumSize=,preferredSize=],rootPaneCheckingEnabled=true]
20180214 09:00:33.382 - INFO - +---- END KW: SwingLibrary.Close Window (203)
20180214 09:00:33.384 - INFO - +--- END KW: Winner Should Be (230)
------------------------------------------------------------------------------
20180214 09:00:33.391 - INFO - +-- END TEST: Win Diagonally as X (1771)
------------------------------------------------------------------------------
20180214 09:00:33.393 - INFO - +-- START TEST: Win Horizontally as O [ ]
------------------------------------------------------------------------------
20180214 09:00:33.396 - INFO - +--- START KW: Start New Game [ ]
20180214 09:00:33.398 - INFO - +---- START KW: SwingLibrary.Start Application [ edu.jsu.mcis.TicTacToe ]
20180214 09:00:33.495 - INFO - +---- END KW: SwingLibrary.Start Application (95)
20180214 09:00:33.504 - INFO - +---- START KW: SwingLibrary.Select Window [ Tic-Tac-Toe ]
20180214 09:00:33.512 - DEBUG - Jemmy: Start to wait frame "Frame with name or title 'Tic-Tac-Toe'" opened
20180214 09:00:33.515 - DEBUG - Jemmy: Frame "Frame with name or title 'Tic-Tac-Toe'" has been opened in 0 milliseconds
    javax.swing.JFrame[frame1,51,23,500x500,layout=java.awt.BorderLayout,title=Tic-Tac-Toe,resizable,normal,defaultCloseOperation=EXIT_ON_CLOSE,rootPane=javax.swing.JRootPane[,0,22,500x478,layout=javax.swing.JRootPane$RootLayout,alignmentX=0.0,alignmentY=0.0,border=,flags=16777673,maximumSize=,minimumSize=,preferredSize=],rootPaneCheckingEnabled=true]
20180214 09:00:33.524 - INFO - +---- END KW: SwingLibrary.Select Window (21)
20180214 09:00:33.526 - INFO - +--- END KW: Start New Game (130)
~~~~~~~~~~~~~~~~~~~~~~~~~~~~~~~~~~~~~~~~~~~~~~~~~~~~~~~~~~~~~~~~~~~~~~~~~~~~~~
20180214 09:00:33.527 - INFO - +--- START KW: Mark Location [ 1 | 1 ]
20180214 09:00:33.535 - INFO - +---- START KW: BuiltIn.Catenate [ SEPARATOR= | Square | ${row} | ${col} ]
20180214 09:00:33.539 - INFO - ${component} = Square11
20180214 09:00:33.544 - INFO - +---- END KW: BuiltIn.Catenate (7)
20180214 09:00:33.548 - INFO - +---- START KW: SwingLibrary.Click On Component [ ${component} ]
20180214 09:00:33.555 - DEBUG - Jemmy: Waiting for "Square11" subcomponent
20180214 09:00:33.557 - DEBUG - Jemmy: Start to wait action "Wait for "Square11" subcomponent to be displayed"
20180214 09:00:33.557 - DEBUG - Jemmy: "Wait for "Square11" subcomponent to be displayed" action has been produced in 0 milliseconds with result 
    : javax.swing.JButton[Square11,167,120,166x119,alignmentX=0.0,alignmentY=0.5,border=com.apple.laf.AquaButtonBorder$Dynamic@734d8afb,flags=288,maximumSize=,minimumSize=,preferredSize=java.awt.Dimension[width=64,height=64],defaultIcon=,disabledIcon=,disabledSelectedIcon=,margin=javax.swing.plaf.InsetsUIResource[top=0,left=2,bottom=0,right=2],paintBorder=true,paintFocus=true,pressedIcon=,rolloverEnabled=false,rolloverIcon=,rolloverSelectedIcon=,selectedIcon=,text=,defaultCapable=true]
20180214 09:00:33.566 - INFO - +---- END KW: SwingLibrary.Click On Component (19)
20180214 09:00:33.570 - INFO - +--- END KW: Mark Location (43)
~~~~~~~~~~~~~~~~~~~~~~~~~~~~~~~~~~~~~~~~~~~~~~~~~~~~~~~~~~~~~~~~~~~~~~~~~~~~~~
20180214 09:00:33.572 - INFO - +--- START KW: Check Location [ 1 | 1 | X ]
20180214 09:00:33.575 - INFO - +---- START KW: BuiltIn.Catenate [ SEPARATOR= | Square | ${row} | ${col} ]
20180214 09:00:33.580 - INFO - ${component} = Square11
20180214 09:00:33.581 - INFO - +---- END KW: BuiltIn.Catenate (5)
20180214 09:00:33.582 - INFO - +---- START KW: SwingLibrary.Get Button Text [ ${component} ]
20180214 09:00:33.585 - DEBUG - Jemmy: Waiting for "Square11" subcomponent
20180214 09:00:33.585 - DEBUG - Jemmy: Start to wait action "Wait for "Square11" subcomponent to be displayed"
20180214 09:00:33.588 - DEBUG - Jemmy: "Wait for "Square11" subcomponent to be displayed" action has been produced in 3 milliseconds with result 
    : javax.swing.JButton[Square11,167,120,166x119,alignmentX=0.0,alignmentY=0.5,border=com.apple.laf.AquaButtonBorder$Dynamic@734d8afb,flags=288,maximumSize=,minimumSize=,preferredSize=java.awt.Dimension[width=64,height=64],defaultIcon=,disabledIcon=,disabledSelectedIcon=,margin=javax.swing.plaf.InsetsUIResource[top=0,left=2,bottom=0,right=2],paintBorder=true,paintFocus=true,pressedIcon=,rolloverEnabled=false,rolloverIcon=,rolloverSelectedIcon=,selectedIcon=,text=X,defaultCapable=true]
20180214 09:00:33.592 - INFO - ${text} = X
20180214 09:00:33.593 - INFO - +---- END KW: SwingLibrary.Get Button Text (11)
20180214 09:00:33.594 - INFO - +---- START KW: BuiltIn.Should Be Equal [ ${text} | ${mark} ]
20180214 09:00:33.597 - INFO - +---- END KW: BuiltIn.Should Be Equal (3)
20180214 09:00:33.598 - INFO - +--- END KW: Check Location (26)
~~~~~~~~~~~~~~~~~~~~~~~~~~~~~~~~~~~~~~~~~~~~~~~~~~~~~~~~~~~~~~~~~~~~~~~~~~~~~~
20180214 09:00:33.599 - INFO - +--- START KW: Mark Location [ 2 | 0 ]
20180214 09:00:33.601 - INFO - +---- START KW: BuiltIn.Catenate [ SEPARATOR= | Square | ${row} | ${col} ]
20180214 09:00:33.606 - INFO - ${component} = Square20
20180214 09:00:33.607 - INFO - +---- END KW: BuiltIn.Catenate (5)
20180214 09:00:33.608 - INFO - +---- START KW: SwingLibrary.Click On Component [ ${component} ]
20180214 09:00:33.611 - DEBUG - Jemmy: Waiting for "Square20" subcomponent
20180214 09:00:33.611 - DEBUG - Jemmy: Start to wait action "Wait for "Square20" subcomponent to be displayed"
20180214 09:00:33.612 - DEBUG - Jemmy: "Wait for "Square20" subcomponent to be displayed" action has been produced in 1 milliseconds with result 
    : javax.swing.JButton[Square20,1,239,166x119,alignmentX=0.0,alignmentY=0.5,border=com.apple.laf.AquaButtonBorder$Dynamic@734d8afb,flags=288,maximumSize=,minimumSize=,preferredSize=java.awt.Dimension[width=64,height=64],defaultIcon=,disabledIcon=,disabledSelectedIcon=,margin=javax.swing.plaf.InsetsUIResource[top=0,left=2,bottom=0,right=2],paintBorder=true,paintFocus=true,pressedIcon=,rolloverEnabled=false,rolloverIcon=,rolloverSelectedIcon=,selectedIcon=,text=,defaultCapable=true]
20180214 09:00:33.625 - INFO - +---- END KW: SwingLibrary.Click On Component (16)
20180214 09:00:33.626 - INFO - +--- END KW: Mark Location (26)
~~~~~~~~~~~~~~~~~~~~~~~~~~~~~~~~~~~~~~~~~~~~~~~~~~~~~~~~~~~~~~~~~~~~~~~~~~~~~~
20180214 09:00:33.632 - INFO - +--- START KW: Check Location [ 2 | 0 | O ]
20180214 09:00:33.636 - INFO - +---- START KW: BuiltIn.Catenate [ SEPARATOR= | Square | ${row} | ${col} ]
20180214 09:00:33.641 - INFO - ${component} = Square20
20180214 09:00:33.642 - INFO - +---- END KW: BuiltIn.Catenate (5)
20180214 09:00:33.643 - INFO - +---- START KW: SwingLibrary.Get Button Text [ ${component} ]
20180214 09:00:33.645 - DEBUG - Jemmy: Waiting for "Square20" subcomponent
20180214 09:00:33.645 - DEBUG - Jemmy: Start to wait action "Wait for "Square20" subcomponent to be displayed"
20180214 09:00:33.648 - DEBUG - Jemmy: "Wait for "Square20" subcomponent to be displayed" action has been produced in 3 milliseconds with result 
    : javax.swing.JButton[Square20,1,239,166x119,alignmentX=0.0,alignmentY=0.5,border=com.apple.laf.AquaButtonBorder$Dynamic@734d8afb,flags=288,maximumSize=,minimumSize=,preferredSize=java.awt.Dimension[width=64,height=64],defaultIcon=,disabledIcon=,disabledSelectedIcon=,margin=javax.swing.plaf.InsetsUIResource[top=0,left=2,bottom=0,right=2],paintBorder=true,paintFocus=true,pressedIcon=,rolloverEnabled=false,rolloverIcon=,rolloverSelectedIcon=,selectedIcon=,text=O,defaultCapable=true]
20180214 09:00:33.651 - INFO - ${text} = O
20180214 09:00:33.652 - INFO - +---- END KW: SwingLibrary.Get Button Text (9)
20180214 09:00:33.653 - INFO - +---- START KW: BuiltIn.Should Be Equal [ ${text} | ${mark} ]
20180214 09:00:33.656 - INFO - +---- END KW: BuiltIn.Should Be Equal (2)
20180214 09:00:33.657 - INFO - +--- END KW: Check Location (29)
~~~~~~~~~~~~~~~~~~~~~~~~~~~~~~~~~~~~~~~~~~~~~~~~~~~~~~~~~~~~~~~~~~~~~~~~~~~~~~
20180214 09:00:33.658 - INFO - +--- START KW: Mark Location [ 0 | 0 ]
20180214 09:00:33.660 - INFO - +---- START KW: BuiltIn.Catenate [ SEPARATOR= | Square | ${row} | ${col} ]
20180214 09:00:33.665 - INFO - ${component} = Square00
20180214 09:00:33.666 - INFO - +---- END KW: BuiltIn.Catenate (6)
20180214 09:00:33.667 - INFO - +---- START KW: SwingLibrary.Click On Component [ ${component} ]
20180214 09:00:33.670 - DEBUG - Jemmy: Waiting for "Square00" subcomponent
20180214 09:00:33.670 - DEBUG - Jemmy: Start to wait action "Wait for "Square00" subcomponent to be displayed"
20180214 09:00:33.672 - DEBUG - Jemmy: "Wait for "Square00" subcomponent to be displayed" action has been produced in 0 milliseconds with result 
    : javax.swing.JButton[Square00,1,1,166x119,alignmentX=0.0,alignmentY=0.5,border=com.apple.laf.AquaButtonBorder$Dynamic@734d8afb,flags=288,maximumSize=,minimumSize=,preferredSize=java.awt.Dimension[width=64,height=64],defaultIcon=,disabledIcon=,disabledSelectedIcon=,margin=javax.swing.plaf.InsetsUIResource[top=0,left=2,bottom=0,right=2],paintBorder=true,paintFocus=true,pressedIcon=,rolloverEnabled=false,rolloverIcon=,rolloverSelectedIcon=,selectedIcon=,text=,defaultCapable=true]
20180214 09:00:33.680 - INFO - +---- END KW: SwingLibrary.Click On Component (12)
20180214 09:00:33.681 - INFO - +--- END KW: Mark Location (24)
~~~~~~~~~~~~~~~~~~~~~~~~~~~~~~~~~~~~~~~~~~~~~~~~~~~~~~~~~~~~~~~~~~~~~~~~~~~~~~
20180214 09:00:33.682 - INFO - +--- START KW: Check Location [ 0 | 0 | X ]
20180214 09:00:33.685 - INFO - +---- START KW: BuiltIn.Catenate [ SEPARATOR= | Square | ${row} | ${col} ]
20180214 09:00:33.688 - INFO - ${component} = Square00
20180214 09:00:33.689 - INFO - +---- END KW: BuiltIn.Catenate (5)
20180214 09:00:33.690 - INFO - +---- START KW: SwingLibrary.Get Button Text [ ${component} ]
20180214 09:00:33.692 - DEBUG - Jemmy: Waiting for "Square00" subcomponent
20180214 09:00:33.692 - DEBUG - Jemmy: Start to wait action "Wait for "Square00" subcomponent to be displayed"
20180214 09:00:33.692 - DEBUG - Jemmy: "Wait for "Square00" subcomponent to be displayed" action has been produced in 0 milliseconds with result 
    : javax.swing.JButton[Square00,1,1,166x119,alignmentX=0.0,alignmentY=0.5,border=com.apple.laf.AquaButtonBorder$Dynamic@734d8afb,flags=288,maximumSize=,minimumSize=,preferredSize=java.awt.Dimension[width=64,height=64],defaultIcon=,disabledIcon=,disabledSelectedIcon=,margin=javax.swing.plaf.InsetsUIResource[top=0,left=2,bottom=0,right=2],paintBorder=true,paintFocus=true,pressedIcon=,rolloverEnabled=false,rolloverIcon=,rolloverSelectedIcon=,selectedIcon=,text=X,defaultCapable=true]
20180214 09:00:33.695 - INFO - ${text} = X
20180214 09:00:33.697 - INFO - +---- END KW: SwingLibrary.Get Button Text (6)
20180214 09:00:33.698 - INFO - +---- START KW: BuiltIn.Should Be Equal [ ${text} | ${mark} ]
20180214 09:00:33.702 - INFO - +---- END KW: BuiltIn.Should Be Equal (5)
20180214 09:00:33.704 - INFO - +--- END KW: Check Location (22)
~~~~~~~~~~~~~~~~~~~~~~~~~~~~~~~~~~~~~~~~~~~~~~~~~~~~~~~~~~~~~~~~~~~~~~~~~~~~~~
20180214 09:00:33.705 - INFO - +--- START KW: Mark Location [ 2 | 2 ]
20180214 09:00:33.707 - INFO - +---- START KW: BuiltIn.Catenate [ SEPARATOR= | Square | ${row} | ${col} ]
20180214 09:00:33.710 - INFO - ${component} = Square22
20180214 09:00:33.711 - INFO - +---- END KW: BuiltIn.Catenate (4)
20180214 09:00:33.712 - INFO - +---- START KW: SwingLibrary.Click On Component [ ${component} ]
20180214 09:00:33.715 - DEBUG - Jemmy: Waiting for "Square22" subcomponent
20180214 09:00:33.715 - DEBUG - Jemmy: Start to wait action "Wait for "Square22" subcomponent to be displayed"
20180214 09:00:33.715 - DEBUG - Jemmy: "Wait for "Square22" subcomponent to be displayed" action has been produced in 0 milliseconds with result 
    : javax.swing.JButton[Square22,333,239,166x119,alignmentX=0.0,alignmentY=0.5,border=com.apple.laf.AquaButtonBorder$Dynamic@734d8afb,flags=288,maximumSize=,minimumSize=,preferredSize=java.awt.Dimension[width=64,height=64],defaultIcon=,disabledIcon=,disabledSelectedIcon=,margin=javax.swing.plaf.InsetsUIResource[top=0,left=2,bottom=0,right=2],paintBorder=true,paintFocus=true,pressedIcon=,rolloverEnabled=false,rolloverIcon=,rolloverSelectedIcon=,selectedIcon=,text=,defaultCapable=true]
20180214 09:00:33.725 - INFO - +---- END KW: SwingLibrary.Click On Component (13)
20180214 09:00:33.727 - INFO - +--- END KW: Mark Location (22)
~~~~~~~~~~~~~~~~~~~~~~~~~~~~~~~~~~~~~~~~~~~~~~~~~~~~~~~~~~~~~~~~~~~~~~~~~~~~~~
20180214 09:00:33.728 - INFO - +--- START KW: Check Location [ 2 | 2 | O ]
20180214 09:00:33.731 - INFO - +---- START KW: BuiltIn.Catenate [ SEPARATOR= | Square | ${row} | ${col} ]
20180214 09:00:33.735 - INFO - ${component} = Square22
20180214 09:00:33.737 - INFO - +---- END KW: BuiltIn.Catenate (5)
20180214 09:00:33.738 - INFO - +---- START KW: SwingLibrary.Get Button Text [ ${component} ]
20180214 09:00:33.740 - DEBUG - Jemmy: Waiting for "Square22" subcomponent
20180214 09:00:33.740 - DEBUG - Jemmy: Start to wait action "Wait for "Square22" subcomponent to be displayed"
20180214 09:00:33.744 - DEBUG - Jemmy: "Wait for "Square22" subcomponent to be displayed" action has been produced in 4 milliseconds with result 
    : javax.swing.JButton[Square22,333,239,166x119,alignmentX=0.0,alignmentY=0.5,border=com.apple.laf.AquaButtonBorder$Dynamic@734d8afb,flags=288,maximumSize=,minimumSize=,preferredSize=java.awt.Dimension[width=64,height=64],defaultIcon=,disabledIcon=,disabledSelectedIcon=,margin=javax.swing.plaf.InsetsUIResource[top=0,left=2,bottom=0,right=2],paintBorder=true,paintFocus=true,pressedIcon=,rolloverEnabled=false,rolloverIcon=,rolloverSelectedIcon=,selectedIcon=,text=O,defaultCapable=true]
20180214 09:00:33.746 - INFO - ${text} = O
20180214 09:00:33.748 - INFO - +---- END KW: SwingLibrary.Get Button Text (9)
20180214 09:00:33.748 - INFO - +---- START KW: BuiltIn.Should Be Equal [ ${text} | ${mark} ]
20180214 09:00:33.752 - INFO - +---- END KW: BuiltIn.Should Be Equal (4)
20180214 09:00:33.754 - INFO - +--- END KW: Check Location (25)
~~~~~~~~~~~~~~~~~~~~~~~~~~~~~~~~~~~~~~~~~~~~~~~~~~~~~~~~~~~~~~~~~~~~~~~~~~~~~~
20180214 09:00:33.755 - INFO - +--- START KW: Mark Location [ 0 | 2 ]
20180214 09:00:33.757 - INFO - +---- START KW: BuiltIn.Catenate [ SEPARATOR= | Square | ${row} | ${col} ]
20180214 09:00:33.761 - INFO - ${component} = Square02
20180214 09:00:33.762 - INFO - +---- END KW: BuiltIn.Catenate (5)
20180214 09:00:33.763 - INFO - +---- START KW: SwingLibrary.Click On Component [ ${component} ]
20180214 09:00:33.765 - DEBUG - Jemmy: Waiting for "Square02" subcomponent
20180214 09:00:33.765 - DEBUG - Jemmy: Start to wait action "Wait for "Square02" subcomponent to be displayed"
20180214 09:00:33.766 - DEBUG - Jemmy: "Wait for "Square02" subcomponent to be displayed" action has been produced in 1 milliseconds with result 
    : javax.swing.JButton[Square02,333,1,166x119,alignmentX=0.0,alignmentY=0.5,border=com.apple.laf.AquaButtonBorder$Dynamic@734d8afb,flags=288,maximumSize=,minimumSize=,preferredSize=java.awt.Dimension[width=64,height=64],defaultIcon=,disabledIcon=,disabledSelectedIcon=,margin=javax.swing.plaf.InsetsUIResource[top=0,left=2,bottom=0,right=2],paintBorder=true,paintFocus=true,pressedIcon=,rolloverEnabled=false,rolloverIcon=,rolloverSelectedIcon=,selectedIcon=,text=,defaultCapable=true]
20180214 09:00:33.774 - INFO - +---- END KW: SwingLibrary.Click On Component (11)
20180214 09:00:33.776 - INFO - +--- END KW: Mark Location (21)
~~~~~~~~~~~~~~~~~~~~~~~~~~~~~~~~~~~~~~~~~~~~~~~~~~~~~~~~~~~~~~~~~~~~~~~~~~~~~~
20180214 09:00:33.777 - INFO - +--- START KW: Check Location [ 0 | 2 | X ]
20180214 09:00:33.780 - INFO - +---- START KW: BuiltIn.Catenate [ SEPARATOR= | Square | ${row} | ${col} ]
20180214 09:00:33.784 - INFO - ${component} = Square02
20180214 09:00:33.786 - INFO - +---- END KW: BuiltIn.Catenate (5)
20180214 09:00:33.787 - INFO - +---- START KW: SwingLibrary.Get Button Text [ ${component} ]
20180214 09:00:33.790 - DEBUG - Jemmy: Waiting for "Square02" subcomponent
20180214 09:00:33.790 - DEBUG - Jemmy: Start to wait action "Wait for "Square02" subcomponent to be displayed"
20180214 09:00:33.791 - DEBUG - Jemmy: "Wait for "Square02" subcomponent to be displayed" action has been produced in 1 milliseconds with result 
    : javax.swing.JButton[Square02,333,1,166x119,alignmentX=0.0,alignmentY=0.5,border=com.apple.laf.AquaButtonBorder$Dynamic@734d8afb,flags=288,maximumSize=,minimumSize=,preferredSize=java.awt.Dimension[width=64,height=64],defaultIcon=,disabledIcon=,disabledSelectedIcon=,margin=javax.swing.plaf.InsetsUIResource[top=0,left=2,bottom=0,right=2],paintBorder=true,paintFocus=true,pressedIcon=,rolloverEnabled=false,rolloverIcon=,rolloverSelectedIcon=,selectedIcon=,text=X,defaultCapable=true]
20180214 09:00:33.799 - INFO - ${text} = X
20180214 09:00:33.800 - INFO - +---- END KW: SwingLibrary.Get Button Text (13)
20180214 09:00:33.802 - INFO - +---- START KW: BuiltIn.Should Be Equal [ ${text} | ${mark} ]
20180214 09:00:33.806 - INFO - +---- END KW: BuiltIn.Should Be Equal (5)
20180214 09:00:33.807 - INFO - +--- END KW: Check Location (30)
~~~~~~~~~~~~~~~~~~~~~~~~~~~~~~~~~~~~~~~~~~~~~~~~~~~~~~~~~~~~~~~~~~~~~~~~~~~~~~
20180214 09:00:33.808 - INFO - +--- START KW: Mark Location [ 2 | 1 ]
20180214 09:00:33.810 - INFO - +---- START KW: BuiltIn.Catenate [ SEPARATOR= | Square | ${row} | ${col} ]
20180214 09:00:33.813 - INFO - ${component} = Square21
20180214 09:00:33.814 - INFO - +---- END KW: BuiltIn.Catenate (4)
20180214 09:00:33.815 - INFO - +---- START KW: SwingLibrary.Click On Component [ ${component} ]
20180214 09:00:33.818 - DEBUG - Jemmy: Waiting for "Square21" subcomponent
20180214 09:00:33.818 - DEBUG - Jemmy: Start to wait action "Wait for "Square21" subcomponent to be displayed"
20180214 09:00:33.819 - DEBUG - Jemmy: "Wait for "Square21" subcomponent to be displayed" action has been produced in 1 milliseconds with result 
    : javax.swing.JButton[Square21,167,239,166x119,alignmentX=0.0,alignmentY=0.5,border=com.apple.laf.AquaButtonBorder$Dynamic@734d8afb,flags=288,maximumSize=,minimumSize=,preferredSize=java.awt.Dimension[width=64,height=64],defaultIcon=,disabledIcon=,disabledSelectedIcon=,margin=javax.swing.plaf.InsetsUIResource[top=0,left=2,bottom=0,right=2],paintBorder=true,paintFocus=true,pressedIcon=,rolloverEnabled=false,rolloverIcon=,rolloverSelectedIcon=,selectedIcon=,text=,defaultCapable=true]
20180214 09:00:33.835 - INFO - +---- END KW: SwingLibrary.Click On Component (19)
20180214 09:00:33.837 - INFO - +--- END KW: Mark Location (28)
~~~~~~~~~~~~~~~~~~~~~~~~~~~~~~~~~~~~~~~~~~~~~~~~~~~~~~~~~~~~~~~~~~~~~~~~~~~~~~
20180214 09:00:33.838 - INFO - +--- START KW: Check Location [ 2 | 1 | O ]
20180214 09:00:33.841 - INFO - +---- START KW: BuiltIn.Catenate [ SEPARATOR= | Square | ${row} | ${col} ]
20180214 09:00:33.846 - INFO - ${component} = Square21
20180214 09:00:33.847 - INFO - +---- END KW: BuiltIn.Catenate (5)
20180214 09:00:33.847 - INFO - +---- START KW: SwingLibrary.Get Button Text [ ${component} ]
20180214 09:00:33.850 - DEBUG - Jemmy: Waiting for "Square21" subcomponent
20180214 09:00:33.850 - DEBUG - Jemmy: Start to wait action "Wait for "Square21" subcomponent to be displayed"
20180214 09:00:33.854 - DEBUG - Jemmy: "Wait for "Square21" subcomponent to be displayed" action has been produced in 3 milliseconds with result 
    : javax.swing.JButton[Square21,167,239,166x119,alignmentX=0.0,alignmentY=0.5,border=com.apple.laf.AquaButtonBorder$Dynamic@734d8afb,flags=288,maximumSize=,minimumSize=,preferredSize=java.awt.Dimension[width=64,height=64],defaultIcon=,disabledIcon=,disabledSelectedIcon=,margin=javax.swing.plaf.InsetsUIResource[top=0,left=2,bottom=0,right=2],paintBorder=true,paintFocus=true,pressedIcon=,rolloverEnabled=false,rolloverIcon=,rolloverSelectedIcon=,selectedIcon=,text=O,defaultCapable=true]
20180214 09:00:33.857 - INFO - ${text} = O
20180214 09:00:33.858 - INFO - +---- END KW: SwingLibrary.Get Button Text (11)
20180214 09:00:33.859 - INFO - +---- START KW: BuiltIn.Should Be Equal [ ${text} | ${mark} ]
20180214 09:00:33.861 - INFO - +---- END KW: BuiltIn.Should Be Equal (2)
20180214 09:00:33.862 - INFO - +--- END KW: Check Location (25)
~~~~~~~~~~~~~~~~~~~~~~~~~~~~~~~~~~~~~~~~~~~~~~~~~~~~~~~~~~~~~~~~~~~~~~~~~~~~~~
20180214 09:00:33.863 - INFO - +--- START KW: Winner Should Be [ O ]
20180214 09:00:33.864 - INFO - +---- START KW: SwingLibrary.Get Label Content [ ResultLabel ]
20180214 09:00:33.867 - DEBUG - Jemmy: Waiting for "ResultLabel" subcomponent
20180214 09:00:33.867 - DEBUG - Jemmy: Start to wait action "Wait for "ResultLabel" subcomponent to be displayed"
20180214 09:00:33.867 - DEBUG - Jemmy: "Wait for "ResultLabel" subcomponent to be displayed" action has been produced in 0 milliseconds with result 
    : javax.swing.JLabel[ResultLabel,1,358,166x119,alignmentX=0.0,alignmentY=0.0,border=,flags=8388608,maximumSize=,minimumSize=,preferredSize=,defaultIcon=,disabledIcon=,horizontalAlignment=LEADING,horizontalTextPosition=TRAILING,iconTextGap=4,labelFor=,text=O,verticalAlignment=CENTER,verticalTextPosition=CENTER]
20180214 09:00:33.872 - INFO - ${text} = O
20180214 09:00:33.873 - INFO - +---- END KW: SwingLibrary.Get Label Content (9)
20180214 09:00:33.874 - INFO - +---- START KW: BuiltIn.Should Be Equal [ ${text} | ${winner} ]
20180214 09:00:33.877 - INFO - +---- END KW: BuiltIn.Should Be Equal (3)
20180214 09:00:33.878 - INFO - +---- START KW: SwingLibrary.Close Window [ Tic-Tac-Toe ]
20180214 09:00:33.881 - DEBUG - Jemmy: Start to wait frame "Frame with name or title 'Tic-Tac-Toe'" opened
20180214 09:00:33.882 - DEBUG - Jemmy: Frame "Frame with name or title 'Tic-Tac-Toe'" has been opened in 0 milliseconds
    javax.swing.JFrame[frame1,51,23,500x500,invalid,layout=java.awt.BorderLayout,title=Tic-Tac-Toe,resizable,normal,defaultCloseOperation=EXIT_ON_CLOSE,rootPane=javax.swing.JRootPane[,0,22,500x478,layout=javax.swing.JRootPane$RootLayout,alignmentX=0.0,alignmentY=0.0,border=,flags=16777673,maximumSize=,minimumSize=,preferredSize=],rootPaneCheckingEnabled=true]
20180214 09:00:34.055 - INFO - +---- END KW: SwingLibrary.Close Window (174)
20180214 09:00:34.058 - INFO - +--- END KW: Winner Should Be (194)
------------------------------------------------------------------------------
20180214 09:00:34.061 - INFO - +-- END TEST: Win Horizontally as O (667)
------------------------------------------------------------------------------
20180214 09:00:34.063 - INFO - +-- START TEST: Force a Tie [ ]
------------------------------------------------------------------------------
20180214 09:00:34.065 - INFO - +--- START KW: Start New Game [ ]
20180214 09:00:34.066 - INFO - +---- START KW: SwingLibrary.Start Application [ edu.jsu.mcis.TicTacToe ]
20180214 09:00:34.145 - INFO - +---- END KW: SwingLibrary.Start Application (79)
20180214 09:00:34.148 - INFO - +---- START KW: SwingLibrary.Select Window [ Tic-Tac-Toe ]
20180214 09:00:34.150 - DEBUG - Jemmy: Start to wait frame "Frame with name or title 'Tic-Tac-Toe'" opened
20180214 09:00:34.157 - DEBUG - Jemmy: Frame "Frame with name or title 'Tic-Tac-Toe'" has been opened in 0 milliseconds
    javax.swing.JFrame[frame2,51,23,500x500,layout=java.awt.BorderLayout,title=Tic-Tac-Toe,resizable,normal,defaultCloseOperation=EXIT_ON_CLOSE,rootPane=javax.swing.JRootPane[,0,22,500x478,layout=javax.swing.JRootPane$RootLayout,alignmentX=0.0,alignmentY=0.0,border=,flags=16777673,maximumSize=,minimumSize=,preferredSize=],rootPaneCheckingEnabled=true]
20180214 09:00:34.165 - INFO - +---- END KW: SwingLibrary.Select Window (17)
20180214 09:00:34.169 - INFO - +--- END KW: Start New Game (103)
~~~~~~~~~~~~~~~~~~~~~~~~~~~~~~~~~~~~~~~~~~~~~~~~~~~~~~~~~~~~~~~~~~~~~~~~~~~~~~
20180214 09:00:34.171 - INFO - +--- START KW: Mark Location [ 1 | 1 ]
20180214 09:00:34.172 - INFO - +---- START KW: BuiltIn.Catenate [ SEPARATOR= | Square | ${row} | ${col} ]
20180214 09:00:34.179 - INFO - ${component} = Square11
20180214 09:00:34.179 - INFO - +---- END KW: BuiltIn.Catenate (7)
20180214 09:00:34.180 - INFO - +---- START KW: SwingLibrary.Click On Component [ ${component} ]
20180214 09:00:34.187 - DEBUG - Jemmy: Waiting for "Square11" subcomponent
20180214 09:00:34.187 - DEBUG - Jemmy: Start to wait action "Wait for "Square11" subcomponent to be displayed"
20180214 09:00:34.187 - DEBUG - Jemmy: "Wait for "Square11" subcomponent to be displayed" action has been produced in 0 milliseconds with result 
    : javax.swing.JButton[Square11,167,120,166x119,alignmentX=0.0,alignmentY=0.5,border=com.apple.laf.AquaButtonBorder$Dynamic@734d8afb,flags=288,maximumSize=,minimumSize=,preferredSize=java.awt.Dimension[width=64,height=64],defaultIcon=,disabledIcon=,disabledSelectedIcon=,margin=javax.swing.plaf.InsetsUIResource[top=0,left=2,bottom=0,right=2],paintBorder=true,paintFocus=true,pressedIcon=,rolloverEnabled=false,rolloverIcon=,rolloverSelectedIcon=,selectedIcon=,text=,defaultCapable=true]
20180214 09:00:34.196 - INFO - +---- END KW: SwingLibrary.Click On Component (16)
20180214 09:00:34.198 - INFO - +--- END KW: Mark Location (28)
~~~~~~~~~~~~~~~~~~~~~~~~~~~~~~~~~~~~~~~~~~~~~~~~~~~~~~~~~~~~~~~~~~~~~~~~~~~~~~
20180214 09:00:34.198 - INFO - +--- START KW: Check Location [ 1 | 1 | X ]
20180214 09:00:34.200 - INFO - +---- START KW: BuiltIn.Catenate [ SEPARATOR= | Square | ${row} | ${col} ]
20180214 09:00:34.205 - INFO - ${component} = Square11
20180214 09:00:34.206 - INFO - +---- END KW: BuiltIn.Catenate (6)
20180214 09:00:34.208 - INFO - +---- START KW: SwingLibrary.Get Button Text [ ${component} ]
20180214 09:00:34.210 - DEBUG - Jemmy: Waiting for "Square11" subcomponent
20180214 09:00:34.210 - DEBUG - Jemmy: Start to wait action "Wait for "Square11" subcomponent to be displayed"
20180214 09:00:34.211 - DEBUG - Jemmy: "Wait for "Square11" subcomponent to be displayed" action has been produced in 1 milliseconds with result 
    : javax.swing.JButton[Square11,167,120,166x119,alignmentX=0.0,alignmentY=0.5,border=com.apple.laf.AquaButtonBorder$Dynamic@734d8afb,flags=288,maximumSize=,minimumSize=,preferredSize=java.awt.Dimension[width=64,height=64],defaultIcon=,disabledIcon=,disabledSelectedIcon=,margin=javax.swing.plaf.InsetsUIResource[top=0,left=2,bottom=0,right=2],paintBorder=true,paintFocus=true,pressedIcon=,rolloverEnabled=false,rolloverIcon=,rolloverSelectedIcon=,selectedIcon=,text=X,defaultCapable=true]
20180214 09:00:34.215 - INFO - ${text} = X
20180214 09:00:34.217 - INFO - +---- END KW: SwingLibrary.Get Button Text (9)
20180214 09:00:34.222 - INFO - +---- START KW: BuiltIn.Should Be Equal [ ${text} | ${mark} ]
20180214 09:00:34.228 - INFO - +---- END KW: BuiltIn.Should Be Equal (6)
20180214 09:00:34.230 - INFO - +--- END KW: Check Location (31)
~~~~~~~~~~~~~~~~~~~~~~~~~~~~~~~~~~~~~~~~~~~~~~~~~~~~~~~~~~~~~~~~~~~~~~~~~~~~~~
20180214 09:00:34.231 - INFO - +--- START KW: Mark Location [ 0 | 0 ]
20180214 09:00:34.234 - INFO - +---- START KW: BuiltIn.Catenate [ SEPARATOR= | Square | ${row} | ${col} ]
20180214 09:00:34.240 - INFO - ${component} = Square00
20180214 09:00:34.241 - INFO - +---- END KW: BuiltIn.Catenate (7)
20180214 09:00:34.242 - INFO - +---- START KW: SwingLibrary.Click On Component [ ${component} ]
20180214 09:00:34.245 - DEBUG - Jemmy: Waiting for "Square00" subcomponent
20180214 09:00:34.245 - DEBUG - Jemmy: Start to wait action "Wait for "Square00" subcomponent to be displayed"
20180214 09:00:34.245 - DEBUG - Jemmy: "Wait for "Square00" subcomponent to be displayed" action has been produced in 0 milliseconds with result 
    : javax.swing.JButton[Square00,1,1,166x119,alignmentX=0.0,alignmentY=0.5,border=com.apple.laf.AquaButtonBorder$Dynamic@734d8afb,flags=288,maximumSize=,minimumSize=,preferredSize=java.awt.Dimension[width=64,height=64],defaultIcon=,disabledIcon=,disabledSelectedIcon=,margin=javax.swing.plaf.InsetsUIResource[top=0,left=2,bottom=0,right=2],paintBorder=true,paintFocus=true,pressedIcon=,rolloverEnabled=false,rolloverIcon=,rolloverSelectedIcon=,selectedIcon=,text=,defaultCapable=true]
20180214 09:00:34.255 - INFO - +---- END KW: SwingLibrary.Click On Component (13)
20180214 09:00:34.257 - INFO - +--- END KW: Mark Location (26)
~~~~~~~~~~~~~~~~~~~~~~~~~~~~~~~~~~~~~~~~~~~~~~~~~~~~~~~~~~~~~~~~~~~~~~~~~~~~~~
20180214 09:00:34.258 - INFO - +--- START KW: Check Location [ 0 | 0 | O ]
20180214 09:00:34.263 - INFO - +---- START KW: BuiltIn.Catenate [ SEPARATOR= | Square | ${row} | ${col} ]
20180214 09:00:34.267 - INFO - ${component} = Square00
20180214 09:00:34.269 - INFO - +---- END KW: BuiltIn.Catenate (5)
20180214 09:00:34.270 - INFO - +---- START KW: SwingLibrary.Get Button Text [ ${component} ]
20180214 09:00:34.273 - DEBUG - Jemmy: Waiting for "Square00" subcomponent
20180214 09:00:34.273 - DEBUG - Jemmy: Start to wait action "Wait for "Square00" subcomponent to be displayed"
20180214 09:00:34.274 - DEBUG - Jemmy: "Wait for "Square00" subcomponent to be displayed" action has been produced in 1 milliseconds with result 
    : javax.swing.JButton[Square00,1,1,166x119,alignmentX=0.0,alignmentY=0.5,border=com.apple.laf.AquaButtonBorder$Dynamic@734d8afb,flags=288,maximumSize=,minimumSize=,preferredSize=java.awt.Dimension[width=64,height=64],defaultIcon=,disabledIcon=,disabledSelectedIcon=,margin=javax.swing.plaf.InsetsUIResource[top=0,left=2,bottom=0,right=2],paintBorder=true,paintFocus=true,pressedIcon=,rolloverEnabled=false,rolloverIcon=,rolloverSelectedIcon=,selectedIcon=,text=O,defaultCapable=true]
20180214 09:00:34.277 - INFO - ${text} = O
20180214 09:00:34.278 - INFO - +---- END KW: SwingLibrary.Get Button Text (8)
20180214 09:00:34.279 - INFO - +---- START KW: BuiltIn.Should Be Equal [ ${text} | ${mark} ]
20180214 09:00:34.283 - INFO - +---- END KW: BuiltIn.Should Be Equal (3)
20180214 09:00:34.284 - INFO - +--- END KW: Check Location (27)
~~~~~~~~~~~~~~~~~~~~~~~~~~~~~~~~~~~~~~~~~~~~~~~~~~~~~~~~~~~~~~~~~~~~~~~~~~~~~~
20180214 09:00:34.285 - INFO - +--- START KW: Mark Location [ 2 | 0 ]
20180214 09:00:34.287 - INFO - +---- START KW: BuiltIn.Catenate [ SEPARATOR= | Square | ${row} | ${col} ]
20180214 09:00:34.290 - INFO - ${component} = Square20
20180214 09:00:34.293 - INFO - +---- END KW: BuiltIn.Catenate (5)
20180214 09:00:34.294 - INFO - +---- START KW: SwingLibrary.Click On Component [ ${component} ]
20180214 09:00:34.296 - DEBUG - Jemmy: Waiting for "Square20" subcomponent
20180214 09:00:34.296 - DEBUG - Jemmy: Start to wait action "Wait for "Square20" subcomponent to be displayed"
20180214 09:00:34.297 - DEBUG - Jemmy: "Wait for "Square20" subcomponent to be displayed" action has been produced in 1 milliseconds with result 
    : javax.swing.JButton[Square20,1,239,166x119,alignmentX=0.0,alignmentY=0.5,border=com.apple.laf.AquaButtonBorder$Dynamic@734d8afb,flags=288,maximumSize=,minimumSize=,preferredSize=java.awt.Dimension[width=64,height=64],defaultIcon=,disabledIcon=,disabledSelectedIcon=,margin=javax.swing.plaf.InsetsUIResource[top=0,left=2,bottom=0,right=2],paintBorder=true,paintFocus=true,pressedIcon=,rolloverEnabled=false,rolloverIcon=,rolloverSelectedIcon=,selectedIcon=,text=,defaultCapable=true]
20180214 09:00:34.306 - INFO - +---- END KW: SwingLibrary.Click On Component (11)
20180214 09:00:34.307 - INFO - +--- END KW: Mark Location (22)
~~~~~~~~~~~~~~~~~~~~~~~~~~~~~~~~~~~~~~~~~~~~~~~~~~~~~~~~~~~~~~~~~~~~~~~~~~~~~~
20180214 09:00:34.308 - INFO - +--- START KW: Check Location [ 2 | 0 | X ]
20180214 09:00:34.311 - INFO - +---- START KW: BuiltIn.Catenate [ SEPARATOR= | Square | ${row} | ${col} ]
20180214 09:00:34.314 - INFO - ${component} = Square20
20180214 09:00:34.315 - INFO - +---- END KW: BuiltIn.Catenate (5)
20180214 09:00:34.316 - INFO - +---- START KW: SwingLibrary.Get Button Text [ ${component} ]
20180214 09:00:34.319 - DEBUG - Jemmy: Waiting for "Square20" subcomponent
20180214 09:00:34.319 - DEBUG - Jemmy: Start to wait action "Wait for "Square20" subcomponent to be displayed"
20180214 09:00:34.322 - DEBUG - Jemmy: "Wait for "Square20" subcomponent to be displayed" action has been produced in 3 milliseconds with result 
    : javax.swing.JButton[Square20,1,239,166x119,alignmentX=0.0,alignmentY=0.5,border=com.apple.laf.AquaButtonBorder$Dynamic@734d8afb,flags=288,maximumSize=,minimumSize=,preferredSize=java.awt.Dimension[width=64,height=64],defaultIcon=,disabledIcon=,disabledSelectedIcon=,margin=javax.swing.plaf.InsetsUIResource[top=0,left=2,bottom=0,right=2],paintBorder=true,paintFocus=true,pressedIcon=,rolloverEnabled=false,rolloverIcon=,rolloverSelectedIcon=,selectedIcon=,text=X,defaultCapable=true]
20180214 09:00:34.324 - INFO - ${text} = X
20180214 09:00:34.325 - INFO - +---- END KW: SwingLibrary.Get Button Text (9)
20180214 09:00:34.326 - INFO - +---- START KW: BuiltIn.Should Be Equal [ ${text} | ${mark} ]
20180214 09:00:34.329 - INFO - +---- END KW: BuiltIn.Should Be Equal (3)
20180214 09:00:34.330 - INFO - +--- END KW: Check Location (22)
~~~~~~~~~~~~~~~~~~~~~~~~~~~~~~~~~~~~~~~~~~~~~~~~~~~~~~~~~~~~~~~~~~~~~~~~~~~~~~
20180214 09:00:34.330 - INFO - +--- START KW: Mark Location [ 0 | 2 ]
20180214 09:00:34.332 - INFO - +---- START KW: BuiltIn.Catenate [ SEPARATOR= | Square | ${row} | ${col} ]
20180214 09:00:34.336 - INFO - ${component} = Square02
20180214 09:00:34.337 - INFO - +---- END KW: BuiltIn.Catenate (4)
20180214 09:00:34.337 - INFO - +---- START KW: SwingLibrary.Click On Component [ ${component} ]
20180214 09:00:34.339 - DEBUG - Jemmy: Waiting for "Square02" subcomponent
20180214 09:00:34.339 - DEBUG - Jemmy: Start to wait action "Wait for "Square02" subcomponent to be displayed"
20180214 09:00:34.340 - DEBUG - Jemmy: "Wait for "Square02" subcomponent to be displayed" action has been produced in 1 milliseconds with result 
    : javax.swing.JButton[Square02,333,1,166x119,alignmentX=0.0,alignmentY=0.5,border=com.apple.laf.AquaButtonBorder$Dynamic@734d8afb,flags=288,maximumSize=,minimumSize=,preferredSize=java.awt.Dimension[width=64,height=64],defaultIcon=,disabledIcon=,disabledSelectedIcon=,margin=javax.swing.plaf.InsetsUIResource[top=0,left=2,bottom=0,right=2],paintBorder=true,paintFocus=true,pressedIcon=,rolloverEnabled=false,rolloverIcon=,rolloverSelectedIcon=,selectedIcon=,text=,defaultCapable=true]
20180214 09:00:34.345 - INFO - +---- END KW: SwingLibrary.Click On Component (7)
20180214 09:00:34.346 - INFO - +--- END KW: Mark Location (15)
~~~~~~~~~~~~~~~~~~~~~~~~~~~~~~~~~~~~~~~~~~~~~~~~~~~~~~~~~~~~~~~~~~~~~~~~~~~~~~
20180214 09:00:34.347 - INFO - +--- START KW: Check Location [ 0 | 2 | O ]
20180214 09:00:34.351 - INFO - +---- START KW: BuiltIn.Catenate [ SEPARATOR= | Square | ${row} | ${col} ]
20180214 09:00:34.354 - INFO - ${component} = Square02
20180214 09:00:34.355 - INFO - +---- END KW: BuiltIn.Catenate (4)
20180214 09:00:34.356 - INFO - +---- START KW: SwingLibrary.Get Button Text [ ${component} ]
20180214 09:00:34.359 - DEBUG - Jemmy: Waiting for "Square02" subcomponent
20180214 09:00:34.360 - DEBUG - Jemmy: Start to wait action "Wait for "Square02" subcomponent to be displayed"
20180214 09:00:34.361 - DEBUG - Jemmy: "Wait for "Square02" subcomponent to be displayed" action has been produced in 1 milliseconds with result 
    : javax.swing.JButton[Square02,333,1,166x119,alignmentX=0.0,alignmentY=0.5,border=com.apple.laf.AquaButtonBorder$Dynamic@734d8afb,flags=288,maximumSize=,minimumSize=,preferredSize=java.awt.Dimension[width=64,height=64],defaultIcon=,disabledIcon=,disabledSelectedIcon=,margin=javax.swing.plaf.InsetsUIResource[top=0,left=2,bottom=0,right=2],paintBorder=true,paintFocus=true,pressedIcon=,rolloverEnabled=false,rolloverIcon=,rolloverSelectedIcon=,selectedIcon=,text=O,defaultCapable=true]
20180214 09:00:34.364 - INFO - ${text} = O
20180214 09:00:34.366 - INFO - +---- END KW: SwingLibrary.Get Button Text (9)
20180214 09:00:34.367 - INFO - +---- START KW: BuiltIn.Should Be Equal [ ${text} | ${mark} ]
20180214 09:00:34.371 - INFO - +---- END KW: BuiltIn.Should Be Equal (5)
20180214 09:00:34.373 - INFO - +--- END KW: Check Location (25)
~~~~~~~~~~~~~~~~~~~~~~~~~~~~~~~~~~~~~~~~~~~~~~~~~~~~~~~~~~~~~~~~~~~~~~~~~~~~~~
20180214 09:00:34.374 - INFO - +--- START KW: Mark Location [ 0 | 1 ]
20180214 09:00:34.375 - INFO - +---- START KW: BuiltIn.Catenate [ SEPARATOR= | Square | ${row} | ${col} ]
20180214 09:00:34.378 - INFO - ${component} = Square01
20180214 09:00:34.378 - INFO - +---- END KW: BuiltIn.Catenate (3)
20180214 09:00:34.379 - INFO - +---- START KW: SwingLibrary.Click On Component [ ${component} ]
20180214 09:00:34.381 - DEBUG - Jemmy: Waiting for "Square01" subcomponent
20180214 09:00:34.381 - DEBUG - Jemmy: Start to wait action "Wait for "Square01" subcomponent to be displayed"
20180214 09:00:34.382 - DEBUG - Jemmy: "Wait for "Square01" subcomponent to be displayed" action has been produced in 0 milliseconds with result 
    : javax.swing.JButton[Square01,167,1,166x119,alignmentX=0.0,alignmentY=0.5,border=com.apple.laf.AquaButtonBorder$Dynamic@734d8afb,flags=288,maximumSize=,minimumSize=,preferredSize=java.awt.Dimension[width=64,height=64],defaultIcon=,disabledIcon=,disabledSelectedIcon=,margin=javax.swing.plaf.InsetsUIResource[top=0,left=2,bottom=0,right=2],paintBorder=true,paintFocus=true,pressedIcon=,rolloverEnabled=false,rolloverIcon=,rolloverSelectedIcon=,selectedIcon=,text=,defaultCapable=true]
20180214 09:00:34.390 - INFO - +---- END KW: SwingLibrary.Click On Component (10)
20180214 09:00:34.392 - INFO - +--- END KW: Mark Location (18)
~~~~~~~~~~~~~~~~~~~~~~~~~~~~~~~~~~~~~~~~~~~~~~~~~~~~~~~~~~~~~~~~~~~~~~~~~~~~~~
20180214 09:00:34.393 - INFO - +--- START KW: Check Location [ 0 | 1 | X ]
20180214 09:00:34.395 - INFO - +---- START KW: BuiltIn.Catenate [ SEPARATOR= | Square | ${row} | ${col} ]
20180214 09:00:34.398 - INFO - ${component} = Square01
20180214 09:00:34.399 - INFO - +---- END KW: BuiltIn.Catenate (4)
20180214 09:00:34.400 - INFO - +---- START KW: SwingLibrary.Get Button Text [ ${component} ]
20180214 09:00:34.405 - DEBUG - Jemmy: Waiting for "Square01" subcomponent
20180214 09:00:34.405 - DEBUG - Jemmy: Start to wait action "Wait for "Square01" subcomponent to be displayed"
20180214 09:00:34.406 - DEBUG - Jemmy: "Wait for "Square01" subcomponent to be displayed" action has been produced in 1 milliseconds with result 
    : javax.swing.JButton[Square01,167,1,166x119,alignmentX=0.0,alignmentY=0.5,border=com.apple.laf.AquaButtonBorder$Dynamic@734d8afb,flags=288,maximumSize=,minimumSize=,preferredSize=java.awt.Dimension[width=64,height=64],defaultIcon=,disabledIcon=,disabledSelectedIcon=,margin=javax.swing.plaf.InsetsUIResource[top=0,left=2,bottom=0,right=2],paintBorder=true,paintFocus=true,pressedIcon=,rolloverEnabled=false,rolloverIcon=,rolloverSelectedIcon=,selectedIcon=,text=X,defaultCapable=true]
20180214 09:00:34.408 - INFO - ${text} = X
20180214 09:00:34.409 - INFO - +---- END KW: SwingLibrary.Get Button Text (9)
20180214 09:00:34.410 - INFO - +---- START KW: BuiltIn.Should Be Equal [ ${text} | ${mark} ]
20180214 09:00:34.413 - INFO - +---- END KW: BuiltIn.Should Be Equal (3)
20180214 09:00:34.415 - INFO - +--- END KW: Check Location (21)
~~~~~~~~~~~~~~~~~~~~~~~~~~~~~~~~~~~~~~~~~~~~~~~~~~~~~~~~~~~~~~~~~~~~~~~~~~~~~~
20180214 09:00:34.416 - INFO - +--- START KW: Mark Location [ 2 | 1 ]
20180214 09:00:34.419 - INFO - +---- START KW: BuiltIn.Catenate [ SEPARATOR= | Square | ${row} | ${col} ]
20180214 09:00:34.422 - INFO - ${component} = Square21
20180214 09:00:34.423 - INFO - +---- END KW: BuiltIn.Catenate (4)
20180214 09:00:34.424 - INFO - +---- START KW: SwingLibrary.Click On Component [ ${component} ]
20180214 09:00:34.426 - DEBUG - Jemmy: Waiting for "Square21" subcomponent
20180214 09:00:34.426 - DEBUG - Jemmy: Start to wait action "Wait for "Square21" subcomponent to be displayed"
20180214 09:00:34.427 - DEBUG - Jemmy: "Wait for "Square21" subcomponent to be displayed" action has been produced in 0 milliseconds with result 
    : javax.swing.JButton[Square21,167,239,166x119,alignmentX=0.0,alignmentY=0.5,border=com.apple.laf.AquaButtonBorder$Dynamic@734d8afb,flags=288,maximumSize=,minimumSize=,preferredSize=java.awt.Dimension[width=64,height=64],defaultIcon=,disabledIcon=,disabledSelectedIcon=,margin=javax.swing.plaf.InsetsUIResource[top=0,left=2,bottom=0,right=2],paintBorder=true,paintFocus=true,pressedIcon=,rolloverEnabled=false,rolloverIcon=,rolloverSelectedIcon=,selectedIcon=,text=,defaultCapable=true]
20180214 09:00:34.436 - INFO - +---- END KW: SwingLibrary.Click On Component (11)
20180214 09:00:34.437 - INFO - +--- END KW: Mark Location (21)
~~~~~~~~~~~~~~~~~~~~~~~~~~~~~~~~~~~~~~~~~~~~~~~~~~~~~~~~~~~~~~~~~~~~~~~~~~~~~~
20180214 09:00:34.437 - INFO - +--- START KW: Check Location [ 2 | 1 | O ]
20180214 09:00:34.439 - INFO - +---- START KW: BuiltIn.Catenate [ SEPARATOR= | Square | ${row} | ${col} ]
20180214 09:00:34.442 - INFO - ${component} = Square21
20180214 09:00:34.443 - INFO - +---- END KW: BuiltIn.Catenate (4)
20180214 09:00:34.444 - INFO - +---- START KW: SwingLibrary.Get Button Text [ ${component} ]
20180214 09:00:34.447 - DEBUG - Jemmy: Waiting for "Square21" subcomponent
20180214 09:00:34.447 - DEBUG - Jemmy: Start to wait action "Wait for "Square21" subcomponent to be displayed"
20180214 09:00:34.450 - DEBUG - Jemmy: "Wait for "Square21" subcomponent to be displayed" action has been produced in 3 milliseconds with result 
    : javax.swing.JButton[Square21,167,239,166x119,alignmentX=0.0,alignmentY=0.5,border=com.apple.laf.AquaButtonBorder$Dynamic@734d8afb,flags=288,maximumSize=,minimumSize=,preferredSize=java.awt.Dimension[width=64,height=64],defaultIcon=,disabledIcon=,disabledSelectedIcon=,margin=javax.swing.plaf.InsetsUIResource[top=0,left=2,bottom=0,right=2],paintBorder=true,paintFocus=true,pressedIcon=,rolloverEnabled=false,rolloverIcon=,rolloverSelectedIcon=,selectedIcon=,text=O,defaultCapable=true]
20180214 09:00:34.454 - INFO - ${text} = O
20180214 09:00:34.455 - INFO - +---- END KW: SwingLibrary.Get Button Text (10)
20180214 09:00:34.456 - INFO - +---- START KW: BuiltIn.Should Be Equal [ ${text} | ${mark} ]
20180214 09:00:34.459 - INFO - +---- END KW: BuiltIn.Should Be Equal (2)
20180214 09:00:34.460 - INFO - +--- END KW: Check Location (23)
~~~~~~~~~~~~~~~~~~~~~~~~~~~~~~~~~~~~~~~~~~~~~~~~~~~~~~~~~~~~~~~~~~~~~~~~~~~~~~
20180214 09:00:34.461 - INFO - +--- START KW: Mark Location [ 1 | 2 ]
20180214 09:00:34.463 - INFO - +---- START KW: BuiltIn.Catenate [ SEPARATOR= | Square | ${row} | ${col} ]
20180214 09:00:34.467 - INFO - ${component} = Square12
20180214 09:00:34.468 - INFO - +---- END KW: BuiltIn.Catenate (5)
20180214 09:00:34.469 - INFO - +---- START KW: SwingLibrary.Click On Component [ ${component} ]
20180214 09:00:34.471 - DEBUG - Jemmy: Waiting for "Square12" subcomponent
20180214 09:00:34.471 - DEBUG - Jemmy: Start to wait action "Wait for "Square12" subcomponent to be displayed"
20180214 09:00:34.472 - DEBUG - Jemmy: "Wait for "Square12" subcomponent to be displayed" action has been produced in 1 milliseconds with result 
    : javax.swing.JButton[Square12,333,120,166x119,alignmentX=0.0,alignmentY=0.5,border=com.apple.laf.AquaButtonBorder$Dynamic@734d8afb,flags=288,maximumSize=,minimumSize=,preferredSize=java.awt.Dimension[width=64,height=64],defaultIcon=,disabledIcon=,disabledSelectedIcon=,margin=javax.swing.plaf.InsetsUIResource[top=0,left=2,bottom=0,right=2],paintBorder=true,paintFocus=true,pressedIcon=,rolloverEnabled=false,rolloverIcon=,rolloverSelectedIcon=,selectedIcon=,text=,defaultCapable=true]
20180214 09:00:34.481 - INFO - +---- END KW: SwingLibrary.Click On Component (11)
20180214 09:00:34.483 - INFO - +--- END KW: Mark Location (22)
~~~~~~~~~~~~~~~~~~~~~~~~~~~~~~~~~~~~~~~~~~~~~~~~~~~~~~~~~~~~~~~~~~~~~~~~~~~~~~
20180214 09:00:34.484 - INFO - +--- START KW: Check Location [ 1 | 2 | X ]
20180214 09:00:34.487 - INFO - +---- START KW: BuiltIn.Catenate [ SEPARATOR= | Square | ${row} | ${col} ]
20180214 09:00:34.490 - INFO - ${component} = Square12
20180214 09:00:34.491 - INFO - +---- END KW: BuiltIn.Catenate (4)
20180214 09:00:34.493 - INFO - +---- START KW: SwingLibrary.Get Button Text [ ${component} ]
20180214 09:00:34.496 - DEBUG - Jemmy: Waiting for "Square12" subcomponent
20180214 09:00:34.496 - DEBUG - Jemmy: Start to wait action "Wait for "Square12" subcomponent to be displayed"
20180214 09:00:34.499 - DEBUG - Jemmy: "Wait for "Square12" subcomponent to be displayed" action has been produced in 3 milliseconds with result 
    : javax.swing.JButton[Square12,333,120,166x119,alignmentX=0.0,alignmentY=0.5,border=com.apple.laf.AquaButtonBorder$Dynamic@734d8afb,flags=288,maximumSize=,minimumSize=,preferredSize=java.awt.Dimension[width=64,height=64],defaultIcon=,disabledIcon=,disabledSelectedIcon=,margin=javax.swing.plaf.InsetsUIResource[top=0,left=2,bottom=0,right=2],paintBorder=true,paintFocus=true,pressedIcon=,rolloverEnabled=false,rolloverIcon=,rolloverSelectedIcon=,selectedIcon=,text=X,defaultCapable=true]
20180214 09:00:34.504 - INFO - ${text} = X
20180214 09:00:34.504 - INFO - +---- END KW: SwingLibrary.Get Button Text (12)
20180214 09:00:34.506 - INFO - +---- START KW: BuiltIn.Should Be Equal [ ${text} | ${mark} ]
20180214 09:00:34.510 - INFO - +---- END KW: BuiltIn.Should Be Equal (3)
20180214 09:00:34.511 - INFO - +--- END KW: Check Location (27)
~~~~~~~~~~~~~~~~~~~~~~~~~~~~~~~~~~~~~~~~~~~~~~~~~~~~~~~~~~~~~~~~~~~~~~~~~~~~~~
20180214 09:00:34.512 - INFO - +--- START KW: Mark Location [ 1 | 0 ]
20180214 09:00:34.515 - INFO - +---- START KW: BuiltIn.Catenate [ SEPARATOR= | Square | ${row} | ${col} ]
20180214 09:00:34.519 - INFO - ${component} = Square10
20180214 09:00:34.520 - INFO - +---- END KW: BuiltIn.Catenate (5)
20180214 09:00:34.520 - INFO - +---- START KW: SwingLibrary.Click On Component [ ${component} ]
20180214 09:00:34.521 - DEBUG - Jemmy: Waiting for "Square10" subcomponent
20180214 09:00:34.522 - DEBUG - Jemmy: Start to wait action "Wait for "Square10" subcomponent to be displayed"
20180214 09:00:34.522 - DEBUG - Jemmy: "Wait for "Square10" subcomponent to be displayed" action has been produced in 0 milliseconds with result 
    : javax.swing.JButton[Square10,1,120,166x119,alignmentX=0.0,alignmentY=0.5,border=com.apple.laf.AquaButtonBorder$Dynamic@734d8afb,flags=288,maximumSize=,minimumSize=,preferredSize=java.awt.Dimension[width=64,height=64],defaultIcon=,disabledIcon=,disabledSelectedIcon=,margin=javax.swing.plaf.InsetsUIResource[top=0,left=2,bottom=0,right=2],paintBorder=true,paintFocus=true,pressedIcon=,rolloverEnabled=false,rolloverIcon=,rolloverSelectedIcon=,selectedIcon=,text=,defaultCapable=true]
20180214 09:00:34.531 - INFO - +---- END KW: SwingLibrary.Click On Component (11)
20180214 09:00:34.534 - INFO - +--- END KW: Mark Location (21)
~~~~~~~~~~~~~~~~~~~~~~~~~~~~~~~~~~~~~~~~~~~~~~~~~~~~~~~~~~~~~~~~~~~~~~~~~~~~~~
20180214 09:00:34.536 - INFO - +--- START KW: Check Location [ 1 | 0 | O ]
20180214 09:00:34.538 - INFO - +---- START KW: BuiltIn.Catenate [ SEPARATOR= | Square | ${row} | ${col} ]
20180214 09:00:34.542 - INFO - ${component} = Square10
20180214 09:00:34.544 - INFO - +---- END KW: BuiltIn.Catenate (5)
20180214 09:00:34.544 - INFO - +---- START KW: SwingLibrary.Get Button Text [ ${component} ]
20180214 09:00:34.546 - DEBUG - Jemmy: Waiting for "Square10" subcomponent
20180214 09:00:34.546 - DEBUG - Jemmy: Start to wait action "Wait for "Square10" subcomponent to be displayed"
20180214 09:00:34.547 - DEBUG - Jemmy: "Wait for "Square10" subcomponent to be displayed" action has been produced in 1 milliseconds with result 
    : javax.swing.JButton[Square10,1,120,166x119,alignmentX=0.0,alignmentY=0.5,border=com.apple.laf.AquaButtonBorder$Dynamic@734d8afb,flags=288,maximumSize=,minimumSize=,preferredSize=java.awt.Dimension[width=64,height=64],defaultIcon=,disabledIcon=,disabledSelectedIcon=,margin=javax.swing.plaf.InsetsUIResource[top=0,left=2,bottom=0,right=2],paintBorder=true,paintFocus=true,pressedIcon=,rolloverEnabled=false,rolloverIcon=,rolloverSelectedIcon=,selectedIcon=,text=O,defaultCapable=true]
20180214 09:00:34.549 - INFO - ${text} = O
20180214 09:00:34.550 - INFO - +---- END KW: SwingLibrary.Get Button Text (6)
20180214 09:00:34.551 - INFO - +---- START KW: BuiltIn.Should Be Equal [ ${text} | ${mark} ]
20180214 09:00:34.555 - INFO - +---- END KW: BuiltIn.Should Be Equal (4)
20180214 09:00:34.556 - INFO - +--- END KW: Check Location (21)
~~~~~~~~~~~~~~~~~~~~~~~~~~~~~~~~~~~~~~~~~~~~~~~~~~~~~~~~~~~~~~~~~~~~~~~~~~~~~~
20180214 09:00:34.556 - INFO - +--- START KW: Mark Location [ 2 | 2 ]
20180214 09:00:34.558 - INFO - +---- START KW: BuiltIn.Catenate [ SEPARATOR= | Square | ${row} | ${col} ]
20180214 09:00:34.562 - INFO - ${component} = Square22
20180214 09:00:34.563 - INFO - +---- END KW: BuiltIn.Catenate (4)
20180214 09:00:34.563 - INFO - +---- START KW: SwingLibrary.Click On Component [ ${component} ]
20180214 09:00:34.565 - DEBUG - Jemmy: Waiting for "Square22" subcomponent
20180214 09:00:34.565 - DEBUG - Jemmy: Start to wait action "Wait for "Square22" subcomponent to be displayed"
20180214 09:00:34.567 - DEBUG - Jemmy: "Wait for "Square22" subcomponent to be displayed" action has been produced in 1 milliseconds with result 
    : javax.swing.JButton[Square22,333,239,166x119,alignmentX=0.0,alignmentY=0.5,border=com.apple.laf.AquaButtonBorder$Dynamic@734d8afb,flags=288,maximumSize=,minimumSize=,preferredSize=java.awt.Dimension[width=64,height=64],defaultIcon=,disabledIcon=,disabledSelectedIcon=,margin=javax.swing.plaf.InsetsUIResource[top=0,left=2,bottom=0,right=2],paintBorder=true,paintFocus=true,pressedIcon=,rolloverEnabled=false,rolloverIcon=,rolloverSelectedIcon=,selectedIcon=,text=,defaultCapable=true]
20180214 09:00:34.577 - INFO - +---- END KW: SwingLibrary.Click On Component (14)
20180214 09:00:34.578 - INFO - +--- END KW: Mark Location (22)
~~~~~~~~~~~~~~~~~~~~~~~~~~~~~~~~~~~~~~~~~~~~~~~~~~~~~~~~~~~~~~~~~~~~~~~~~~~~~~
20180214 09:00:34.579 - INFO - +--- START KW: Check Location [ 2 | 2 | X ]
20180214 09:00:34.582 - INFO - +---- START KW: BuiltIn.Catenate [ SEPARATOR= | Square | ${row} | ${col} ]
20180214 09:00:34.586 - INFO - ${component} = Square22
20180214 09:00:34.587 - INFO - +---- END KW: BuiltIn.Catenate (5)
20180214 09:00:34.588 - INFO - +---- START KW: SwingLibrary.Get Button Text [ ${component} ]
20180214 09:00:34.589 - DEBUG - Jemmy: Waiting for "Square22" subcomponent
20180214 09:00:34.589 - DEBUG - Jemmy: Start to wait action "Wait for "Square22" subcomponent to be displayed"
20180214 09:00:34.592 - DEBUG - Jemmy: "Wait for "Square22" subcomponent to be displayed" action has been produced in 3 milliseconds with result 
    : javax.swing.JButton[Square22,333,239,166x119,alignmentX=0.0,alignmentY=0.5,border=com.apple.laf.AquaButtonBorder$Dynamic@734d8afb,flags=288,maximumSize=,minimumSize=,preferredSize=java.awt.Dimension[width=64,height=64],defaultIcon=,disabledIcon=,disabledSelectedIcon=,margin=javax.swing.plaf.InsetsUIResource[top=0,left=2,bottom=0,right=2],paintBorder=true,paintFocus=true,pressedIcon=,rolloverEnabled=false,rolloverIcon=,rolloverSelectedIcon=,selectedIcon=,text=X,defaultCapable=true]
20180214 09:00:34.595 - INFO - ${text} = X
20180214 09:00:34.596 - INFO - +---- END KW: SwingLibrary.Get Button Text (8)
20180214 09:00:34.597 - INFO - +---- START KW: BuiltIn.Should Be Equal [ ${text} | ${mark} ]
20180214 09:00:34.600 - INFO - +---- END KW: BuiltIn.Should Be Equal (2)
20180214 09:00:34.601 - INFO - +--- END KW: Check Location (22)
~~~~~~~~~~~~~~~~~~~~~~~~~~~~~~~~~~~~~~~~~~~~~~~~~~~~~~~~~~~~~~~~~~~~~~~~~~~~~~
20180214 09:00:34.603 - INFO - +--- START KW: Winner Should Be [ TIE ]
20180214 09:00:34.605 - INFO - +---- START KW: SwingLibrary.Get Label Content [ ResultLabel ]
20180214 09:00:34.607 - DEBUG - Jemmy: Waiting for "ResultLabel" subcomponent
20180214 09:00:34.607 - DEBUG - Jemmy: Start to wait action "Wait for "ResultLabel" subcomponent to be displayed"
20180214 09:00:34.609 - DEBUG - Jemmy: "Wait for "ResultLabel" subcomponent to be displayed" action has been produced in 2 milliseconds with result 
    : javax.swing.JLabel[ResultLabel,1,358,166x119,alignmentX=0.0,alignmentY=0.0,border=,flags=8388608,maximumSize=,minimumSize=,preferredSize=,defaultIcon=,disabledIcon=,horizontalAlignment=LEADING,horizontalTextPosition=TRAILING,iconTextGap=4,labelFor=,text=TIE,verticalAlignment=CENTER,verticalTextPosition=CENTER]
20180214 09:00:34.611 - INFO - ${text} = TIE
20180214 09:00:34.612 - INFO - +---- END KW: SwingLibrary.Get Label Content (7)
20180214 09:00:34.613 - INFO - +---- START KW: BuiltIn.Should Be Equal [ ${text} | ${winner} ]
20180214 09:00:34.616 - INFO - +---- END KW: BuiltIn.Should Be Equal (3)
20180214 09:00:34.617 - INFO - +---- START KW: SwingLibrary.Close Window [ Tic-Tac-Toe ]
20180214 09:00:34.619 - DEBUG - Jemmy: Start to wait frame "Frame with name or title 'Tic-Tac-Toe'" opened
20180214 09:00:34.620 - DEBUG - Jemmy: Frame "Frame with name or title 'Tic-Tac-Toe'" has been opened in 0 milliseconds
    javax.swing.JFrame[frame2,51,23,500x500,invalid,layout=java.awt.BorderLayout,title=Tic-Tac-Toe,resizable,normal,defaultCloseOperation=EXIT_ON_CLOSE,rootPane=javax.swing.JRootPane[,0,22,500x478,layout=javax.swing.JRootPane$RootLayout,alignmentX=0.0,alignmentY=0.0,border=,flags=16777673,maximumSize=,minimumSize=,preferredSize=],rootPaneCheckingEnabled=true]
20180214 09:00:34.788 - INFO - +---- END KW: SwingLibrary.Close Window (170)
20180214 09:00:34.789 - INFO - +--- END KW: Winner Should Be (186)
------------------------------------------------------------------------------
20180214 09:00:34.791 - INFO - +-- END TEST: Force a Tie (727)
------------------------------------------------------------------------------
20180214 09:00:34.807 - INFO - +- END SUITE: Acceptancetest.TicTacToeGUITests (4052)
==============================================================================
20180214 09:00:34.859 - INFO - +- START SUITE: Acceptancetest.TicTacToeTests [ ]
==============================================================================
20180214 09:00:34.863 - INFO - +-- START TEST: Win Diagonally as X [ ]
------------------------------------------------------------------------------
20180214 09:00:34.866 - INFO - +--- START KW: keywords.TicTacToeKeywords.Start New Game [ ]
20180214 09:00:34.868 - INFO - +--- END KW: keywords.TicTacToeKeywords.Start New Game (2)
~~~~~~~~~~~~~~~~~~~~~~~~~~~~~~~~~~~~~~~~~~~~~~~~~~~~~~~~~~~~~~~~~~~~~~~~~~~~~~
20180214 09:00:34.869 - INFO - +--- START KW: keywords.TicTacToeKeywords.Mark Location [ 1 | 1 ]
20180214 09:00:34.870 - INFO - +--- END KW: keywords.TicTacToeKeywords.Mark Location (1)
~~~~~~~~~~~~~~~~~~~~~~~~~~~~~~~~~~~~~~~~~~~~~~~~~~~~~~~~~~~~~~~~~~~~~~~~~~~~~~
20180214 09:00:34.871 - INFO - +--- START KW: Check Location [ 1 | 1 | X ]
20180214 09:00:34.872 - INFO - +---- START KW: keywords.TicTacToeKeywords.Get Mark [ ${row} | ${col} ]
20180214 09:00:34.875 - INFO - ${m} = X
20180214 09:00:34.876 - INFO - +---- END KW: keywords.TicTacToeKeywords.Get Mark (4)
20180214 09:00:34.877 - INFO - +---- START KW: BuiltIn.Should Be Equal [ ${m} | ${mark} ]
20180214 09:00:34.881 - INFO - +---- END KW: BuiltIn.Should Be Equal (3)
20180214 09:00:34.882 - INFO - +--- END KW: Check Location (10)
~~~~~~~~~~~~~~~~~~~~~~~~~~~~~~~~~~~~~~~~~~~~~~~~~~~~~~~~~~~~~~~~~~~~~~~~~~~~~~
20180214 09:00:34.883 - INFO - +--- START KW: keywords.TicTacToeKeywords.Mark Location [ 0 | 1 ]
20180214 09:00:34.887 - INFO - +--- END KW: keywords.TicTacToeKeywords.Mark Location (3)
~~~~~~~~~~~~~~~~~~~~~~~~~~~~~~~~~~~~~~~~~~~~~~~~~~~~~~~~~~~~~~~~~~~~~~~~~~~~~~
20180214 09:00:34.888 - INFO - +--- START KW: Check Location [ 0 | 1 | O ]
20180214 09:00:34.889 - INFO - +---- START KW: keywords.TicTacToeKeywords.Get Mark [ ${row} | ${col} ]
20180214 09:00:34.895 - INFO - ${m} = O
20180214 09:00:34.896 - INFO - +---- END KW: keywords.TicTacToeKeywords.Get Mark (6)
20180214 09:00:34.897 - INFO - +---- START KW: BuiltIn.Should Be Equal [ ${m} | ${mark} ]
20180214 09:00:34.900 - INFO - +---- END KW: BuiltIn.Should Be Equal (3)
20180214 09:00:34.904 - INFO - +--- END KW: Check Location (14)
~~~~~~~~~~~~~~~~~~~~~~~~~~~~~~~~~~~~~~~~~~~~~~~~~~~~~~~~~~~~~~~~~~~~~~~~~~~~~~
20180214 09:00:34.905 - INFO - +--- START KW: keywords.TicTacToeKeywords.Mark Location [ 0 | 0 ]
20180214 09:00:34.907 - INFO - +--- END KW: keywords.TicTacToeKeywords.Mark Location (1)
~~~~~~~~~~~~~~~~~~~~~~~~~~~~~~~~~~~~~~~~~~~~~~~~~~~~~~~~~~~~~~~~~~~~~~~~~~~~~~
20180214 09:00:34.907 - INFO - +--- START KW: Check Location [ 0 | 0 | X ]
20180214 09:00:34.909 - INFO - +---- START KW: keywords.TicTacToeKeywords.Get Mark [ ${row} | ${col} ]
20180214 09:00:34.912 - INFO - ${m} = X
20180214 09:00:34.913 - INFO - +---- END KW: keywords.TicTacToeKeywords.Get Mark (3)
20180214 09:00:34.914 - INFO - +---- START KW: BuiltIn.Should Be Equal [ ${m} | ${mark} ]
20180214 09:00:34.918 - INFO - +---- END KW: BuiltIn.Should Be Equal (4)
20180214 09:00:34.919 - INFO - +--- END KW: Check Location (12)
~~~~~~~~~~~~~~~~~~~~~~~~~~~~~~~~~~~~~~~~~~~~~~~~~~~~~~~~~~~~~~~~~~~~~~~~~~~~~~
20180214 09:00:34.920 - INFO - +--- START KW: keywords.TicTacToeKeywords.Mark Location [ 0 | 2 ]
20180214 09:00:34.923 - INFO - +--- END KW: keywords.TicTacToeKeywords.Mark Location (2)
~~~~~~~~~~~~~~~~~~~~~~~~~~~~~~~~~~~~~~~~~~~~~~~~~~~~~~~~~~~~~~~~~~~~~~~~~~~~~~
20180214 09:00:34.924 - INFO - +--- START KW: Check Location [ 0 | 2 | O ]
20180214 09:00:34.926 - INFO - +---- START KW: keywords.TicTacToeKeywords.Get Mark [ ${row} | ${col} ]
20180214 09:00:34.929 - INFO - ${m} = O
20180214 09:00:34.931 - INFO - +---- END KW: keywords.TicTacToeKeywords.Get Mark (4)
20180214 09:00:34.931 - INFO - +---- START KW: BuiltIn.Should Be Equal [ ${m} | ${mark} ]
20180214 09:00:34.935 - INFO - +---- END KW: BuiltIn.Should Be Equal (4)
20180214 09:00:34.937 - INFO - +--- END KW: Check Location (12)
~~~~~~~~~~~~~~~~~~~~~~~~~~~~~~~~~~~~~~~~~~~~~~~~~~~~~~~~~~~~~~~~~~~~~~~~~~~~~~
20180214 09:00:34.938 - INFO - +--- START KW: keywords.TicTacToeKeywords.Mark Location [ 2 | 2 ]
20180214 09:00:34.940 - INFO - +--- END KW: keywords.TicTacToeKeywords.Mark Location (2)
~~~~~~~~~~~~~~~~~~~~~~~~~~~~~~~~~~~~~~~~~~~~~~~~~~~~~~~~~~~~~~~~~~~~~~~~~~~~~~
20180214 09:00:34.941 - INFO - +--- START KW: Check Location [ 2 | 2 | X ]
20180214 09:00:34.943 - INFO - +---- START KW: keywords.TicTacToeKeywords.Get Mark [ ${row} | ${col} ]
20180214 09:00:34.946 - INFO - ${m} = X
20180214 09:00:34.947 - INFO - +---- END KW: keywords.TicTacToeKeywords.Get Mark (4)
20180214 09:00:34.948 - INFO - +---- START KW: BuiltIn.Should Be Equal [ ${m} | ${mark} ]
20180214 09:00:34.951 - INFO - +---- END KW: BuiltIn.Should Be Equal (3)
20180214 09:00:34.953 - INFO - +--- END KW: Check Location (12)
~~~~~~~~~~~~~~~~~~~~~~~~~~~~~~~~~~~~~~~~~~~~~~~~~~~~~~~~~~~~~~~~~~~~~~~~~~~~~~
20180214 09:00:34.955 - INFO - +--- START KW: Winner Should Be [ X ]
20180214 09:00:34.957 - INFO - +---- START KW: keywords.TicTacToeKeywords.Get Winner [ ]
20180214 09:00:34.960 - INFO - ${m} = X
20180214 09:00:34.961 - INFO - +---- END KW: keywords.TicTacToeKeywords.Get Winner (3)
20180214 09:00:34.961 - INFO - +---- START KW: BuiltIn.Should Be Equal [ ${m} | ${mark} ]
20180214 09:00:34.965 - INFO - +---- END KW: BuiltIn.Should Be Equal (3)
20180214 09:00:34.966 - INFO - +--- END KW: Winner Should Be (10)
------------------------------------------------------------------------------
20180214 09:00:34.968 - INFO - +-- END TEST: Win Diagonally as X (105)
------------------------------------------------------------------------------
20180214 09:00:34.969 - INFO - +-- START TEST: Win Horizontally as O [ ]
------------------------------------------------------------------------------
20180214 09:00:34.972 - INFO - +--- START KW: keywords.TicTacToeKeywords.Start New Game [ ]
20180214 09:00:34.973 - INFO - +--- END KW: keywords.TicTacToeKeywords.Start New Game (2)
~~~~~~~~~~~~~~~~~~~~~~~~~~~~~~~~~~~~~~~~~~~~~~~~~~~~~~~~~~~~~~~~~~~~~~~~~~~~~~
20180214 09:00:34.974 - INFO - +--- START KW: keywords.TicTacToeKeywords.Mark Location [ 1 | 1 ]
20180214 09:00:34.975 - INFO - +--- END KW: keywords.TicTacToeKeywords.Mark Location (1)
~~~~~~~~~~~~~~~~~~~~~~~~~~~~~~~~~~~~~~~~~~~~~~~~~~~~~~~~~~~~~~~~~~~~~~~~~~~~~~
20180214 09:00:34.976 - INFO - +--- START KW: Check Location [ 1 | 1 | X ]
20180214 09:00:34.981 - INFO - +---- START KW: keywords.TicTacToeKeywords.Get Mark [ ${row} | ${col} ]
20180214 09:00:34.983 - INFO - ${m} = X
20180214 09:00:34.984 - INFO - +---- END KW: keywords.TicTacToeKeywords.Get Mark (4)
20180214 09:00:34.985 - INFO - +---- START KW: BuiltIn.Should Be Equal [ ${m} | ${mark} ]
20180214 09:00:34.988 - INFO - +---- END KW: BuiltIn.Should Be Equal (3)
20180214 09:00:34.989 - INFO - +--- END KW: Check Location (13)
~~~~~~~~~~~~~~~~~~~~~~~~~~~~~~~~~~~~~~~~~~~~~~~~~~~~~~~~~~~~~~~~~~~~~~~~~~~~~~
20180214 09:00:34.990 - INFO - +--- START KW: keywords.TicTacToeKeywords.Mark Location [ 2 | 0 ]
20180214 09:00:34.993 - INFO - +--- END KW: keywords.TicTacToeKeywords.Mark Location (2)
~~~~~~~~~~~~~~~~~~~~~~~~~~~~~~~~~~~~~~~~~~~~~~~~~~~~~~~~~~~~~~~~~~~~~~~~~~~~~~
20180214 09:00:34.993 - INFO - +--- START KW: Check Location [ 2 | 0 | O ]
20180214 09:00:34.996 - INFO - +---- START KW: keywords.TicTacToeKeywords.Get Mark [ ${row} | ${col} ]
20180214 09:00:34.999 - INFO - ${m} = O
20180214 09:00:35.000 - INFO - +---- END KW: keywords.TicTacToeKeywords.Get Mark (3)
20180214 09:00:35.002 - INFO - +---- START KW: BuiltIn.Should Be Equal [ ${m} | ${mark} ]
20180214 09:00:35.006 - INFO - +---- END KW: BuiltIn.Should Be Equal (3)
20180214 09:00:35.008 - INFO - +--- END KW: Check Location (14)
~~~~~~~~~~~~~~~~~~~~~~~~~~~~~~~~~~~~~~~~~~~~~~~~~~~~~~~~~~~~~~~~~~~~~~~~~~~~~~
20180214 09:00:35.009 - INFO - +--- START KW: keywords.TicTacToeKeywords.Mark Location [ 0 | 0 ]
20180214 09:00:35.011 - INFO - +--- END KW: keywords.TicTacToeKeywords.Mark Location (2)
~~~~~~~~~~~~~~~~~~~~~~~~~~~~~~~~~~~~~~~~~~~~~~~~~~~~~~~~~~~~~~~~~~~~~~~~~~~~~~
20180214 09:00:35.012 - INFO - +--- START KW: Check Location [ 0 | 0 | X ]
20180214 09:00:35.014 - INFO - +---- START KW: keywords.TicTacToeKeywords.Get Mark [ ${row} | ${col} ]
20180214 09:00:35.016 - INFO - ${m} = X
20180214 09:00:35.017 - INFO - +---- END KW: keywords.TicTacToeKeywords.Get Mark (2)
20180214 09:00:35.017 - INFO - +---- START KW: BuiltIn.Should Be Equal [ ${m} | ${mark} ]
20180214 09:00:35.022 - INFO - +---- END KW: BuiltIn.Should Be Equal (4)
20180214 09:00:35.023 - INFO - +--- END KW: Check Location (10)
~~~~~~~~~~~~~~~~~~~~~~~~~~~~~~~~~~~~~~~~~~~~~~~~~~~~~~~~~~~~~~~~~~~~~~~~~~~~~~
20180214 09:00:35.024 - INFO - +--- START KW: keywords.TicTacToeKeywords.Mark Location [ 2 | 2 ]
20180214 09:00:35.026 - INFO - +--- END KW: keywords.TicTacToeKeywords.Mark Location (2)
~~~~~~~~~~~~~~~~~~~~~~~~~~~~~~~~~~~~~~~~~~~~~~~~~~~~~~~~~~~~~~~~~~~~~~~~~~~~~~
20180214 09:00:35.027 - INFO - +--- START KW: Check Location [ 2 | 2 | O ]
20180214 09:00:35.029 - INFO - +---- START KW: keywords.TicTacToeKeywords.Get Mark [ ${row} | ${col} ]
20180214 09:00:35.033 - INFO - ${m} = O
20180214 09:00:35.034 - INFO - +---- END KW: keywords.TicTacToeKeywords.Get Mark (5)
20180214 09:00:35.035 - INFO - +---- START KW: BuiltIn.Should Be Equal [ ${m} | ${mark} ]
20180214 09:00:35.038 - INFO - +---- END KW: BuiltIn.Should Be Equal (2)
20180214 09:00:35.039 - INFO - +--- END KW: Check Location (12)
~~~~~~~~~~~~~~~~~~~~~~~~~~~~~~~~~~~~~~~~~~~~~~~~~~~~~~~~~~~~~~~~~~~~~~~~~~~~~~
20180214 09:00:35.040 - INFO - +--- START KW: keywords.TicTacToeKeywords.Mark Location [ 0 | 2 ]
20180214 09:00:35.042 - INFO - +--- END KW: keywords.TicTacToeKeywords.Mark Location (2)
~~~~~~~~~~~~~~~~~~~~~~~~~~~~~~~~~~~~~~~~~~~~~~~~~~~~~~~~~~~~~~~~~~~~~~~~~~~~~~
20180214 09:00:35.042 - INFO - +--- START KW: Check Location [ 0 | 2 | X ]
20180214 09:00:35.044 - INFO - +---- START KW: keywords.TicTacToeKeywords.Get Mark [ ${row} | ${col} ]
20180214 09:00:35.046 - INFO - ${m} = X
20180214 09:00:35.047 - INFO - +---- END KW: keywords.TicTacToeKeywords.Get Mark (3)
20180214 09:00:35.048 - INFO - +---- START KW: BuiltIn.Should Be Equal [ ${m} | ${mark} ]
20180214 09:00:35.053 - INFO - +---- END KW: BuiltIn.Should Be Equal (5)
20180214 09:00:35.054 - INFO - +--- END KW: Check Location (12)
~~~~~~~~~~~~~~~~~~~~~~~~~~~~~~~~~~~~~~~~~~~~~~~~~~~~~~~~~~~~~~~~~~~~~~~~~~~~~~
20180214 09:00:35.055 - INFO - +--- START KW: keywords.TicTacToeKeywords.Mark Location [ 2 | 1 ]
20180214 09:00:35.058 - INFO - +--- END KW: keywords.TicTacToeKeywords.Mark Location (2)
~~~~~~~~~~~~~~~~~~~~~~~~~~~~~~~~~~~~~~~~~~~~~~~~~~~~~~~~~~~~~~~~~~~~~~~~~~~~~~
20180214 09:00:35.059 - INFO - +--- START KW: Check Location [ 2 | 1 | O ]
20180214 09:00:35.061 - INFO - +---- START KW: keywords.TicTacToeKeywords.Get Mark [ ${row} | ${col} ]
20180214 09:00:35.064 - INFO - ${m} = O
20180214 09:00:35.065 - INFO - +---- END KW: keywords.TicTacToeKeywords.Get Mark (4)
20180214 09:00:35.066 - INFO - +---- START KW: BuiltIn.Should Be Equal [ ${m} | ${mark} ]
20180214 09:00:35.070 - INFO - +---- END KW: BuiltIn.Should Be Equal (3)
20180214 09:00:35.071 - INFO - +--- END KW: Check Location (11)
~~~~~~~~~~~~~~~~~~~~~~~~~~~~~~~~~~~~~~~~~~~~~~~~~~~~~~~~~~~~~~~~~~~~~~~~~~~~~~
20180214 09:00:35.072 - INFO - +--- START KW: Winner Should Be [ O ]
20180214 09:00:35.074 - INFO - +---- START KW: keywords.TicTacToeKeywords.Get Winner [ ]
20180214 09:00:35.076 - INFO - ${m} = O
20180214 09:00:35.077 - INFO - +---- END KW: keywords.TicTacToeKeywords.Get Winner (3)
20180214 09:00:35.078 - INFO - +---- START KW: BuiltIn.Should Be Equal [ ${m} | ${mark} ]
20180214 09:00:35.082 - INFO - +---- END KW: BuiltIn.Should Be Equal (3)
20180214 09:00:35.083 - INFO - +--- END KW: Winner Should Be (10)
------------------------------------------------------------------------------
20180214 09:00:35.085 - INFO - +-- END TEST: Win Horizontally as O (115)
------------------------------------------------------------------------------
20180214 09:00:35.089 - INFO - +-- START TEST: Force a Tie [ ]
------------------------------------------------------------------------------
20180214 09:00:35.092 - INFO - +--- START KW: keywords.TicTacToeKeywords.Start New Game [ ]
20180214 09:00:35.096 - INFO - +--- END KW: keywords.TicTacToeKeywords.Start New Game (3)
~~~~~~~~~~~~~~~~~~~~~~~~~~~~~~~~~~~~~~~~~~~~~~~~~~~~~~~~~~~~~~~~~~~~~~~~~~~~~~
20180214 09:00:35.097 - INFO - +--- START KW: keywords.TicTacToeKeywords.Mark Location [ 1 | 1 ]
20180214 09:00:35.100 - INFO - +--- END KW: keywords.TicTacToeKeywords.Mark Location (3)
~~~~~~~~~~~~~~~~~~~~~~~~~~~~~~~~~~~~~~~~~~~~~~~~~~~~~~~~~~~~~~~~~~~~~~~~~~~~~~
20180214 09:00:35.102 - INFO - +--- START KW: Check Location [ 1 | 1 | X ]
20180214 09:00:35.105 - INFO - +---- START KW: keywords.TicTacToeKeywords.Get Mark [ ${row} | ${col} ]
20180214 09:00:35.109 - INFO - ${m} = X
20180214 09:00:35.110 - INFO - +---- END KW: keywords.TicTacToeKeywords.Get Mark (4)
20180214 09:00:35.110 - INFO - +---- START KW: BuiltIn.Should Be Equal [ ${m} | ${mark} ]
20180214 09:00:35.114 - INFO - +---- END KW: BuiltIn.Should Be Equal (3)
20180214 09:00:35.115 - INFO - +--- END KW: Check Location (12)
~~~~~~~~~~~~~~~~~~~~~~~~~~~~~~~~~~~~~~~~~~~~~~~~~~~~~~~~~~~~~~~~~~~~~~~~~~~~~~
20180214 09:00:35.116 - INFO - +--- START KW: keywords.TicTacToeKeywords.Mark Location [ 0 | 0 ]
20180214 09:00:35.118 - INFO - +--- END KW: keywords.TicTacToeKeywords.Mark Location (3)
~~~~~~~~~~~~~~~~~~~~~~~~~~~~~~~~~~~~~~~~~~~~~~~~~~~~~~~~~~~~~~~~~~~~~~~~~~~~~~
20180214 09:00:35.119 - INFO - +--- START KW: Check Location [ 0 | 0 | O ]
20180214 09:00:35.121 - INFO - +---- START KW: keywords.TicTacToeKeywords.Get Mark [ ${row} | ${col} ]
20180214 09:00:35.125 - INFO - ${m} = O
20180214 09:00:35.126 - INFO - +---- END KW: keywords.TicTacToeKeywords.Get Mark (4)
20180214 09:00:35.126 - INFO - +---- START KW: BuiltIn.Should Be Equal [ ${m} | ${mark} ]
20180214 09:00:35.129 - INFO - +---- END KW: BuiltIn.Should Be Equal (3)
20180214 09:00:35.130 - INFO - +--- END KW: Check Location (11)
~~~~~~~~~~~~~~~~~~~~~~~~~~~~~~~~~~~~~~~~~~~~~~~~~~~~~~~~~~~~~~~~~~~~~~~~~~~~~~
20180214 09:00:35.131 - INFO - +--- START KW: keywords.TicTacToeKeywords.Mark Location [ 2 | 0 ]
20180214 09:00:35.133 - INFO - +--- END KW: keywords.TicTacToeKeywords.Mark Location (2)
~~~~~~~~~~~~~~~~~~~~~~~~~~~~~~~~~~~~~~~~~~~~~~~~~~~~~~~~~~~~~~~~~~~~~~~~~~~~~~
20180214 09:00:35.134 - INFO - +--- START KW: Check Location [ 2 | 0 | X ]
20180214 09:00:35.136 - INFO - +---- START KW: keywords.TicTacToeKeywords.Get Mark [ ${row} | ${col} ]
20180214 09:00:35.138 - INFO - ${m} = X
20180214 09:00:35.139 - INFO - +---- END KW: keywords.TicTacToeKeywords.Get Mark (3)
20180214 09:00:35.140 - INFO - +---- START KW: BuiltIn.Should Be Equal [ ${m} | ${mark} ]
20180214 09:00:35.143 - INFO - +---- END KW: BuiltIn.Should Be Equal (2)
20180214 09:00:35.144 - INFO - +--- END KW: Check Location (10)
~~~~~~~~~~~~~~~~~~~~~~~~~~~~~~~~~~~~~~~~~~~~~~~~~~~~~~~~~~~~~~~~~~~~~~~~~~~~~~
20180214 09:00:35.145 - INFO - +--- START KW: keywords.TicTacToeKeywords.Mark Location [ 0 | 2 ]
20180214 09:00:35.148 - INFO - +--- END KW: keywords.TicTacToeKeywords.Mark Location (2)
~~~~~~~~~~~~~~~~~~~~~~~~~~~~~~~~~~~~~~~~~~~~~~~~~~~~~~~~~~~~~~~~~~~~~~~~~~~~~~
20180214 09:00:35.149 - INFO - +--- START KW: Check Location [ 0 | 2 | O ]
20180214 09:00:35.151 - INFO - +---- START KW: keywords.TicTacToeKeywords.Get Mark [ ${row} | ${col} ]
20180214 09:00:35.154 - INFO - ${m} = O
20180214 09:00:35.155 - INFO - +---- END KW: keywords.TicTacToeKeywords.Get Mark (4)
20180214 09:00:35.156 - INFO - +---- START KW: BuiltIn.Should Be Equal [ ${m} | ${mark} ]
20180214 09:00:35.161 - INFO - +---- END KW: BuiltIn.Should Be Equal (4)
20180214 09:00:35.162 - INFO - +--- END KW: Check Location (14)
~~~~~~~~~~~~~~~~~~~~~~~~~~~~~~~~~~~~~~~~~~~~~~~~~~~~~~~~~~~~~~~~~~~~~~~~~~~~~~
20180214 09:00:35.163 - INFO - +--- START KW: keywords.TicTacToeKeywords.Mark Location [ 0 | 1 ]
20180214 09:00:35.166 - INFO - +--- END KW: keywords.TicTacToeKeywords.Mark Location (3)
~~~~~~~~~~~~~~~~~~~~~~~~~~~~~~~~~~~~~~~~~~~~~~~~~~~~~~~~~~~~~~~~~~~~~~~~~~~~~~
20180214 09:00:35.167 - INFO - +--- START KW: Check Location [ 0 | 1 | X ]
20180214 09:00:35.172 - INFO - +---- START KW: keywords.TicTacToeKeywords.Get Mark [ ${row} | ${col} ]
20180214 09:00:35.175 - INFO - ${m} = X
20180214 09:00:35.176 - INFO - +---- END KW: keywords.TicTacToeKeywords.Get Mark (4)
20180214 09:00:35.177 - INFO - +---- START KW: BuiltIn.Should Be Equal [ ${m} | ${mark} ]
20180214 09:00:35.180 - INFO - +---- END KW: BuiltIn.Should Be Equal (3)
20180214 09:00:35.182 - INFO - +--- END KW: Check Location (14)
~~~~~~~~~~~~~~~~~~~~~~~~~~~~~~~~~~~~~~~~~~~~~~~~~~~~~~~~~~~~~~~~~~~~~~~~~~~~~~
20180214 09:00:35.183 - INFO - +--- START KW: keywords.TicTacToeKeywords.Mark Location [ 2 | 1 ]
20180214 09:00:35.185 - INFO - +--- END KW: keywords.TicTacToeKeywords.Mark Location (3)
~~~~~~~~~~~~~~~~~~~~~~~~~~~~~~~~~~~~~~~~~~~~~~~~~~~~~~~~~~~~~~~~~~~~~~~~~~~~~~
20180214 09:00:35.186 - INFO - +--- START KW: Check Location [ 2 | 1 | O ]
20180214 09:00:35.188 - INFO - +---- START KW: keywords.TicTacToeKeywords.Get Mark [ ${row} | ${col} ]
20180214 09:00:35.193 - INFO - ${m} = O
20180214 09:00:35.194 - INFO - +---- END KW: keywords.TicTacToeKeywords.Get Mark (6)
20180214 09:00:35.195 - INFO - +---- START KW: BuiltIn.Should Be Equal [ ${m} | ${mark} ]
20180214 09:00:35.199 - INFO - +---- END KW: BuiltIn.Should Be Equal (3)
20180214 09:00:35.200 - INFO - +--- END KW: Check Location (14)
~~~~~~~~~~~~~~~~~~~~~~~~~~~~~~~~~~~~~~~~~~~~~~~~~~~~~~~~~~~~~~~~~~~~~~~~~~~~~~
20180214 09:00:35.201 - INFO - +--- START KW: keywords.TicTacToeKeywords.Mark Location [ 1 | 2 ]
20180214 09:00:35.204 - INFO - +--- END KW: keywords.TicTacToeKeywords.Mark Location (2)
~~~~~~~~~~~~~~~~~~~~~~~~~~~~~~~~~~~~~~~~~~~~~~~~~~~~~~~~~~~~~~~~~~~~~~~~~~~~~~
20180214 09:00:35.205 - INFO - +--- START KW: Check Location [ 1 | 2 | X ]
20180214 09:00:35.207 - INFO - +---- START KW: keywords.TicTacToeKeywords.Get Mark [ ${row} | ${col} ]
20180214 09:00:35.211 - INFO - ${m} = X
20180214 09:00:35.212 - INFO - +---- END KW: keywords.TicTacToeKeywords.Get Mark (4)
20180214 09:00:35.213 - INFO - +---- START KW: BuiltIn.Should Be Equal [ ${m} | ${mark} ]
20180214 09:00:35.216 - INFO - +---- END KW: BuiltIn.Should Be Equal (2)
20180214 09:00:35.217 - INFO - +--- END KW: Check Location (13)
~~~~~~~~~~~~~~~~~~~~~~~~~~~~~~~~~~~~~~~~~~~~~~~~~~~~~~~~~~~~~~~~~~~~~~~~~~~~~~
20180214 09:00:35.218 - INFO - +--- START KW: keywords.TicTacToeKeywords.Mark Location [ 1 | 0 ]
20180214 09:00:35.221 - INFO - +--- END KW: keywords.TicTacToeKeywords.Mark Location (3)
~~~~~~~~~~~~~~~~~~~~~~~~~~~~~~~~~~~~~~~~~~~~~~~~~~~~~~~~~~~~~~~~~~~~~~~~~~~~~~
20180214 09:00:35.222 - INFO - +--- START KW: Check Location [ 1 | 0 | O ]
20180214 09:00:35.223 - INFO - +---- START KW: keywords.TicTacToeKeywords.Get Mark [ ${row} | ${col} ]
20180214 09:00:35.226 - INFO - ${m} = O
20180214 09:00:35.227 - INFO - +---- END KW: keywords.TicTacToeKeywords.Get Mark (4)
20180214 09:00:35.228 - INFO - +---- START KW: BuiltIn.Should Be Equal [ ${m} | ${mark} ]
20180214 09:00:35.231 - INFO - +---- END KW: BuiltIn.Should Be Equal (2)
20180214 09:00:35.232 - INFO - +--- END KW: Check Location (10)
~~~~~~~~~~~~~~~~~~~~~~~~~~~~~~~~~~~~~~~~~~~~~~~~~~~~~~~~~~~~~~~~~~~~~~~~~~~~~~
20180214 09:00:35.233 - INFO - +--- START KW: keywords.TicTacToeKeywords.Mark Location [ 2 | 2 ]
20180214 09:00:35.235 - INFO - +--- END KW: keywords.TicTacToeKeywords.Mark Location (2)
~~~~~~~~~~~~~~~~~~~~~~~~~~~~~~~~~~~~~~~~~~~~~~~~~~~~~~~~~~~~~~~~~~~~~~~~~~~~~~
20180214 09:00:35.236 - INFO - +--- START KW: Check Location [ 2 | 2 | X ]
20180214 09:00:35.239 - INFO - +---- START KW: keywords.TicTacToeKeywords.Get Mark [ ${row} | ${col} ]
20180214 09:00:35.242 - INFO - ${m} = X
20180214 09:00:35.243 - INFO - +---- END KW: keywords.TicTacToeKeywords.Get Mark (4)
20180214 09:00:35.244 - INFO - +---- START KW: BuiltIn.Should Be Equal [ ${m} | ${mark} ]
20180214 09:00:35.247 - INFO - +---- END KW: BuiltIn.Should Be Equal (2)
20180214 09:00:35.248 - INFO - +--- END KW: Check Location (12)
~~~~~~~~~~~~~~~~~~~~~~~~~~~~~~~~~~~~~~~~~~~~~~~~~~~~~~~~~~~~~~~~~~~~~~~~~~~~~~
20180214 09:00:35.249 - INFO - +--- START KW: Winner Should Be [ TIE ]
20180214 09:00:35.251 - INFO - +---- START KW: keywords.TicTacToeKeywords.Get Winner [ ]
20180214 09:00:35.253 - INFO - ${m} = TIE
20180214 09:00:35.253 - INFO - +---- END KW: keywords.TicTacToeKeywords.Get Winner (2)
20180214 09:00:35.254 - INFO - +---- START KW: BuiltIn.Should Be Equal [ ${m} | ${mark} ]
20180214 09:00:35.256 - INFO - +---- END KW: BuiltIn.Should Be Equal (2)
20180214 09:00:35.257 - INFO - +--- END KW: Winner Should Be (8)
------------------------------------------------------------------------------
20180214 09:00:35.259 - INFO - +-- END TEST: Force a Tie (173)
------------------------------------------------------------------------------
20180214 09:00:35.268 - INFO - +- END SUITE: Acceptancetest.TicTacToeTests (453)
==============================================================================
20180214 09:00:35.288 - INFO - + END SUITE: Acceptancetest (5144)
==============================================================================
